The system is: Linux - 5.3.11 - x86_64
Compiling the C compiler identification source file "CMakeCCompilerId.c" succeeded.
Compiler: /nix/store/65dk7wwwkn9cgim39k7p3823qdrqy8py-gcc-wrapper-8.3.0/bin/gcc 
Build flags: 
Id flags:  

The output was:
0


Compilation of the C compiler identification source "CMakeCCompilerId.c" produced "a.out"

The C compiler identification is GNU, found in "/home/starji/projects/AdventOfCode/2019/day21/CMakeFiles/3.15.4/CompilerIdC/a.out"

Compiling the CXX compiler identification source file "CMakeCXXCompilerId.cpp" succeeded.
Compiler: /nix/store/65dk7wwwkn9cgim39k7p3823qdrqy8py-gcc-wrapper-8.3.0/bin/g++ 
Build flags: 
Id flags:  

The output was:
0


Compilation of the CXX compiler identification source "CMakeCXXCompilerId.cpp" produced "a.out"

The CXX compiler identification is GNU, found in "/home/starji/projects/AdventOfCode/2019/day21/CMakeFiles/3.15.4/CompilerIdCXX/a.out"

Determining if the C compiler works passed with the following output:
Change Dir: /home/starji/projects/AdventOfCode/2019/day21/CMakeFiles/CMakeTmp

Run Build Command(s):/nix/store/4a2146gp8qxx1lcmb4lly3gi7jdlx3fj-gnumake-4.2.1/bin/make cmTC_b1966/fast && /nix/store/4a2146gp8qxx1lcmb4lly3gi7jdlx3fj-gnumake-4.2.1/bin/make -f CMakeFiles/cmTC_b1966.dir/build.make CMakeFiles/cmTC_b1966.dir/build
make[1]: Entering directory '/home/starji/projects/AdventOfCode/2019/day21/CMakeFiles/CMakeTmp'
Building C object CMakeFiles/cmTC_b1966.dir/testCCompiler.c.o
/nix/store/65dk7wwwkn9cgim39k7p3823qdrqy8py-gcc-wrapper-8.3.0/bin/gcc    -o CMakeFiles/cmTC_b1966.dir/testCCompiler.c.o   -c /home/starji/projects/AdventOfCode/2019/day21/CMakeFiles/CMakeTmp/testCCompiler.c
Linking C executable cmTC_b1966
/nix/store/glij0xdclaxpnqqfqp56a1yp494lsgp6-cmake-3.15.4/bin/cmake -E cmake_link_script CMakeFiles/cmTC_b1966.dir/link.txt --verbose=1
/nix/store/65dk7wwwkn9cgim39k7p3823qdrqy8py-gcc-wrapper-8.3.0/bin/gcc      CMakeFiles/cmTC_b1966.dir/testCCompiler.c.o  -o cmTC_b1966 
make[1]: Leaving directory '/home/starji/projects/AdventOfCode/2019/day21/CMakeFiles/CMakeTmp'



Detecting C compiler ABI info compiled with the following output:
Change Dir: /home/starji/projects/AdventOfCode/2019/day21/CMakeFiles/CMakeTmp

Run Build Command(s):/nix/store/4a2146gp8qxx1lcmb4lly3gi7jdlx3fj-gnumake-4.2.1/bin/make cmTC_061ee/fast && /nix/store/4a2146gp8qxx1lcmb4lly3gi7jdlx3fj-gnumake-4.2.1/bin/make -f CMakeFiles/cmTC_061ee.dir/build.make CMakeFiles/cmTC_061ee.dir/build
make[1]: Entering directory '/home/starji/projects/AdventOfCode/2019/day21/CMakeFiles/CMakeTmp'
Building C object CMakeFiles/cmTC_061ee.dir/CMakeCCompilerABI.c.o
/nix/store/65dk7wwwkn9cgim39k7p3823qdrqy8py-gcc-wrapper-8.3.0/bin/gcc   -v -o CMakeFiles/cmTC_061ee.dir/CMakeCCompilerABI.c.o   -c /nix/store/glij0xdclaxpnqqfqp56a1yp494lsgp6-cmake-3.15.4/share/cmake-3.15/Modules/CMakeCCompilerABI.c
Using built-in specs.
COLLECT_GCC=/nix/store/nrisqq65br52ys4w6nly7vkjb2j10yy4-gcc-8.3.0/bin/gcc
Target: x86_64-unknown-linux-gnu
Configured with: 
Thread model: posix
gcc version 8.3.0 (GCC) 
COLLECT_GCC_OPTIONS='-O2' '-D' '_FORTIFY_SOURCE=2' '-fstack-protector-strong' '--param' 'ssp-buffer-size=4' '-fno-strict-overflow' '-Wformat=1' '-Wformat-security' '-Werror=format-security' '-fPIC' '-v' '-o' 'CMakeFiles/cmTC_061ee.dir/CMakeCCompilerABI.c.o' '-c' '-B' '/nix/store/1220kf6lvlswh677wvizp9p51c6rcp3x-gcc-8.3.0-lib/lib' '-B' '/nix/store/qb6k4hp7gk331x9fydw0w7qj4dv09bwz-glibc-2.27/lib/' '-idirafter' '/nix/store/4a8wp97g0ddhjwx573k30x4fqzvkfn67-glibc-2.27-dev/include' '-idirafter' '/nix/store/nrisqq65br52ys4w6nly7vkjb2j10yy4-gcc-8.3.0/lib/gcc/x86_64-unknown-linux-gnu/8.3.0/include-fixed' '-B' '/nix/store/65dk7wwwkn9cgim39k7p3823qdrqy8py-gcc-wrapper-8.3.0/bin/' '-isystem' '/nix/store/4a2146gp8qxx1lcmb4lly3gi7jdlx3fj-gnumake-4.2.1/include' '-isystem' '/nix/store/0jnahzv857adfla66v60d8mwkndr0cxb-gdb-8.3.1/include' '-isystem' '/nix/store/54422mxw7x5wlay6qf238s0lmrp4akm7-boost-1.67.0-dev/include' '-isystem' '/nix/store/4a2146gp8qxx1lcmb4lly3gi7jdlx3fj-gnumake-4.2.1/include' '-isystem' '/nix/store/0jnahzv857adfla66v60d8mwkndr0cxb-gdb-8.3.1/include' '-isystem' '/nix/store/54422mxw7x5wlay6qf238s0lmrp4akm7-boost-1.67.0-dev/include' '-isystem' '/nix/store/4a2146gp8qxx1lcmb4lly3gi7jdlx3fj-gnumake-4.2.1/include' '-isystem' '/nix/store/0jnahzv857adfla66v60d8mwkndr0cxb-gdb-8.3.1/include' '-isystem' '/nix/store/54422mxw7x5wlay6qf238s0lmrp4akm7-boost-1.67.0-dev/include' '-mtune=generic' '-march=x86-64'
 /nix/store/nrisqq65br52ys4w6nly7vkjb2j10yy4-gcc-8.3.0/libexec/gcc/x86_64-unknown-linux-gnu/8.3.0/cc1 -quiet -v -D _FORTIFY_SOURCE=2 -idirafter /nix/store/4a8wp97g0ddhjwx573k30x4fqzvkfn67-glibc-2.27-dev/include -idirafter /nix/store/nrisqq65br52ys4w6nly7vkjb2j10yy4-gcc-8.3.0/lib/gcc/x86_64-unknown-linux-gnu/8.3.0/include-fixed -isystem /nix/store/4a2146gp8qxx1lcmb4lly3gi7jdlx3fj-gnumake-4.2.1/include -isystem /nix/store/0jnahzv857adfla66v60d8mwkndr0cxb-gdb-8.3.1/include -isystem /nix/store/54422mxw7x5wlay6qf238s0lmrp4akm7-boost-1.67.0-dev/include -isystem /nix/store/4a2146gp8qxx1lcmb4lly3gi7jdlx3fj-gnumake-4.2.1/include -isystem /nix/store/0jnahzv857adfla66v60d8mwkndr0cxb-gdb-8.3.1/include -isystem /nix/store/54422mxw7x5wlay6qf238s0lmrp4akm7-boost-1.67.0-dev/include -isystem /nix/store/4a2146gp8qxx1lcmb4lly3gi7jdlx3fj-gnumake-4.2.1/include -isystem /nix/store/0jnahzv857adfla66v60d8mwkndr0cxb-gdb-8.3.1/include -isystem /nix/store/54422mxw7x5wlay6qf238s0lmrp4akm7-boost-1.67.0-dev/include /nix/store/glij0xdclaxpnqqfqp56a1yp494lsgp6-cmake-3.15.4/share/cmake-3.15/Modules/CMakeCCompilerABI.c -quiet -dumpbase CMakeCCompilerABI.c -mtune=generic -march=x86-64 -auxbase-strip CMakeFiles/cmTC_061ee.dir/CMakeCCompilerABI.c.o -O2 -Wformat=1 -Wformat-security -Werror=format-security -version -fstack-protector-strong -fno-strict-overflow -fPIC --param ssp-buffer-size=4 -o /run/user/1000/cc8ARf9r.s
GNU C17 (GCC) version 8.3.0 (x86_64-unknown-linux-gnu)
	compiled by GNU C version 8.3.0, GMP version 6.1.2, MPFR version 4.0.2, MPC version 1.1.0, isl version isl-0.17.1-GMP

GGC heuristics: --param ggc-min-expand=100 --param ggc-min-heapsize=131072
ignoring duplicate directory "/nix/store/4a2146gp8qxx1lcmb4lly3gi7jdlx3fj-gnumake-4.2.1/include"
ignoring duplicate directory "/nix/store/0jnahzv857adfla66v60d8mwkndr0cxb-gdb-8.3.1/include"
ignoring duplicate directory "/nix/store/54422mxw7x5wlay6qf238s0lmrp4akm7-boost-1.67.0-dev/include"
ignoring duplicate directory "/nix/store/4a2146gp8qxx1lcmb4lly3gi7jdlx3fj-gnumake-4.2.1/include"
ignoring duplicate directory "/nix/store/0jnahzv857adfla66v60d8mwkndr0cxb-gdb-8.3.1/include"
ignoring duplicate directory "/nix/store/54422mxw7x5wlay6qf238s0lmrp4akm7-boost-1.67.0-dev/include"
ignoring nonexistent directory "/nix/store/nrisqq65br52ys4w6nly7vkjb2j10yy4-gcc-8.3.0/lib/gcc/x86_64-unknown-linux-gnu/8.3.0/../../../../x86_64-unknown-linux-gnu/include"
ignoring duplicate directory "/nix/store/4a8wp97g0ddhjwx573k30x4fqzvkfn67-glibc-2.27-dev/include"
ignoring duplicate directory "/nix/store/nrisqq65br52ys4w6nly7vkjb2j10yy4-gcc-8.3.0/lib/gcc/x86_64-unknown-linux-gnu/8.3.0/include-fixed"
#include "..." search starts here:
#include <...> search starts here:
 /nix/store/4a2146gp8qxx1lcmb4lly3gi7jdlx3fj-gnumake-4.2.1/include
 /nix/store/0jnahzv857adfla66v60d8mwkndr0cxb-gdb-8.3.1/include
 /nix/store/54422mxw7x5wlay6qf238s0lmrp4akm7-boost-1.67.0-dev/include
 /nix/store/nrisqq65br52ys4w6nly7vkjb2j10yy4-gcc-8.3.0/lib/gcc/x86_64-unknown-linux-gnu/8.3.0/include
 /nix/store/nrisqq65br52ys4w6nly7vkjb2j10yy4-gcc-8.3.0/include
 /nix/store/nrisqq65br52ys4w6nly7vkjb2j10yy4-gcc-8.3.0/lib/gcc/x86_64-unknown-linux-gnu/8.3.0/include-fixed
 /nix/store/4a8wp97g0ddhjwx573k30x4fqzvkfn67-glibc-2.27-dev/include
End of search list.
GNU C17 (GCC) version 8.3.0 (x86_64-unknown-linux-gnu)
	compiled by GNU C version 8.3.0, GMP version 6.1.2, MPFR version 4.0.2, MPC version 1.1.0, isl version isl-0.17.1-GMP

GGC heuristics: --param ggc-min-expand=100 --param ggc-min-heapsize=131072
Compiler executable checksum: cf112fd04aecb78889f5dc2b0f992c85
COLLECT_GCC_OPTIONS='-O2' '-D' '_FORTIFY_SOURCE=2' '-fstack-protector-strong' '--param' 'ssp-buffer-size=4' '-fno-strict-overflow' '-Wformat=1' '-Wformat-security' '-Werror=format-security' '-fPIC' '-v' '-o' 'CMakeFiles/cmTC_061ee.dir/CMakeCCompilerABI.c.o' '-c' '-B' '/nix/store/1220kf6lvlswh677wvizp9p51c6rcp3x-gcc-8.3.0-lib/lib' '-B' '/nix/store/qb6k4hp7gk331x9fydw0w7qj4dv09bwz-glibc-2.27/lib/' '-idirafter' '/nix/store/4a8wp97g0ddhjwx573k30x4fqzvkfn67-glibc-2.27-dev/include' '-idirafter' '/nix/store/nrisqq65br52ys4w6nly7vkjb2j10yy4-gcc-8.3.0/lib/gcc/x86_64-unknown-linux-gnu/8.3.0/include-fixed' '-B' '/nix/store/65dk7wwwkn9cgim39k7p3823qdrqy8py-gcc-wrapper-8.3.0/bin/' '-isystem' '/nix/store/4a2146gp8qxx1lcmb4lly3gi7jdlx3fj-gnumake-4.2.1/include' '-isystem' '/nix/store/0jnahzv857adfla66v60d8mwkndr0cxb-gdb-8.3.1/include' '-isystem' '/nix/store/54422mxw7x5wlay6qf238s0lmrp4akm7-boost-1.67.0-dev/include' '-isystem' '/nix/store/4a2146gp8qxx1lcmb4lly3gi7jdlx3fj-gnumake-4.2.1/include' '-isystem' '/nix/store/0jnahzv857adfla66v60d8mwkndr0cxb-gdb-8.3.1/include' '-isystem' '/nix/store/54422mxw7x5wlay6qf238s0lmrp4akm7-boost-1.67.0-dev/include' '-isystem' '/nix/store/4a2146gp8qxx1lcmb4lly3gi7jdlx3fj-gnumake-4.2.1/include' '-isystem' '/nix/store/0jnahzv857adfla66v60d8mwkndr0cxb-gdb-8.3.1/include' '-isystem' '/nix/store/54422mxw7x5wlay6qf238s0lmrp4akm7-boost-1.67.0-dev/include' '-mtune=generic' '-march=x86-64'
 /nix/store/65dk7wwwkn9cgim39k7p3823qdrqy8py-gcc-wrapper-8.3.0/bin/as -v --64 -o CMakeFiles/cmTC_061ee.dir/CMakeCCompilerABI.c.o /run/user/1000/cc8ARf9r.s
GNU assembler version 2.31.1 (x86_64-unknown-linux-gnu) using BFD version (GNU Binutils) 2.31.1
COMPILER_PATH=/nix/store/1220kf6lvlswh677wvizp9p51c6rcp3x-gcc-8.3.0-lib/lib/:/nix/store/qb6k4hp7gk331x9fydw0w7qj4dv09bwz-glibc-2.27/lib/:/nix/store/65dk7wwwkn9cgim39k7p3823qdrqy8py-gcc-wrapper-8.3.0/bin/:/nix/store/nrisqq65br52ys4w6nly7vkjb2j10yy4-gcc-8.3.0/libexec/gcc/x86_64-unknown-linux-gnu/8.3.0/:/nix/store/nrisqq65br52ys4w6nly7vkjb2j10yy4-gcc-8.3.0/libexec/gcc/x86_64-unknown-linux-gnu/8.3.0/:/nix/store/nrisqq65br52ys4w6nly7vkjb2j10yy4-gcc-8.3.0/libexec/gcc/x86_64-unknown-linux-gnu/:/nix/store/nrisqq65br52ys4w6nly7vkjb2j10yy4-gcc-8.3.0/lib/gcc/x86_64-unknown-linux-gnu/8.3.0/:/nix/store/nrisqq65br52ys4w6nly7vkjb2j10yy4-gcc-8.3.0/lib/gcc/x86_64-unknown-linux-gnu/
LIBRARY_PATH=/nix/store/1220kf6lvlswh677wvizp9p51c6rcp3x-gcc-8.3.0-lib/lib/:/nix/store/qb6k4hp7gk331x9fydw0w7qj4dv09bwz-glibc-2.27/lib/:/nix/store/65dk7wwwkn9cgim39k7p3823qdrqy8py-gcc-wrapper-8.3.0/bin/:/nix/store/nrisqq65br52ys4w6nly7vkjb2j10yy4-gcc-8.3.0/lib/gcc/x86_64-unknown-linux-gnu/8.3.0/:/nix/store/nrisqq65br52ys4w6nly7vkjb2j10yy4-gcc-8.3.0/lib/gcc/x86_64-unknown-linux-gnu/8.3.0/../../../../lib64/:/nix/store/nrisqq65br52ys4w6nly7vkjb2j10yy4-gcc-8.3.0/lib/gcc/x86_64-unknown-linux-gnu/8.3.0/../../../
COLLECT_GCC_OPTIONS='-O2' '-D' '_FORTIFY_SOURCE=2' '-fstack-protector-strong' '--param' 'ssp-buffer-size=4' '-fno-strict-overflow' '-Wformat=1' '-Wformat-security' '-Werror=format-security' '-fPIC' '-v' '-o' 'CMakeFiles/cmTC_061ee.dir/CMakeCCompilerABI.c.o' '-c' '-B' '/nix/store/1220kf6lvlswh677wvizp9p51c6rcp3x-gcc-8.3.0-lib/lib' '-B' '/nix/store/qb6k4hp7gk331x9fydw0w7qj4dv09bwz-glibc-2.27/lib/' '-idirafter' '/nix/store/4a8wp97g0ddhjwx573k30x4fqzvkfn67-glibc-2.27-dev/include' '-idirafter' '/nix/store/nrisqq65br52ys4w6nly7vkjb2j10yy4-gcc-8.3.0/lib/gcc/x86_64-unknown-linux-gnu/8.3.0/include-fixed' '-B' '/nix/store/65dk7wwwkn9cgim39k7p3823qdrqy8py-gcc-wrapper-8.3.0/bin/' '-isystem' '/nix/store/4a2146gp8qxx1lcmb4lly3gi7jdlx3fj-gnumake-4.2.1/include' '-isystem' '/nix/store/0jnahzv857adfla66v60d8mwkndr0cxb-gdb-8.3.1/include' '-isystem' '/nix/store/54422mxw7x5wlay6qf238s0lmrp4akm7-boost-1.67.0-dev/include' '-isystem' '/nix/store/4a2146gp8qxx1lcmb4lly3gi7jdlx3fj-gnumake-4.2.1/include' '-isystem' '/nix/store/0jnahzv857adfla66v60d8mwkndr0cxb-gdb-8.3.1/include' '-isystem' '/nix/store/54422mxw7x5wlay6qf238s0lmrp4akm7-boost-1.67.0-dev/include' '-isystem' '/nix/store/4a2146gp8qxx1lcmb4lly3gi7jdlx3fj-gnumake-4.2.1/include' '-isystem' '/nix/store/0jnahzv857adfla66v60d8mwkndr0cxb-gdb-8.3.1/include' '-isystem' '/nix/store/54422mxw7x5wlay6qf238s0lmrp4akm7-boost-1.67.0-dev/include' '-mtune=generic' '-march=x86-64'
Linking C executable cmTC_061ee
/nix/store/glij0xdclaxpnqqfqp56a1yp494lsgp6-cmake-3.15.4/bin/cmake -E cmake_link_script CMakeFiles/cmTC_061ee.dir/link.txt --verbose=1
/nix/store/65dk7wwwkn9cgim39k7p3823qdrqy8py-gcc-wrapper-8.3.0/bin/gcc     -v CMakeFiles/cmTC_061ee.dir/CMakeCCompilerABI.c.o  -o cmTC_061ee 
Using built-in specs.
COLLECT_GCC=/nix/store/nrisqq65br52ys4w6nly7vkjb2j10yy4-gcc-8.3.0/bin/gcc
COLLECT_LTO_WRAPPER=/nix/store/nrisqq65br52ys4w6nly7vkjb2j10yy4-gcc-8.3.0/libexec/gcc/x86_64-unknown-linux-gnu/8.3.0/lto-wrapper
Target: x86_64-unknown-linux-gnu
Configured with: 
Thread model: posix
gcc version 8.3.0 (GCC) 
COMPILER_PATH=/nix/store/1220kf6lvlswh677wvizp9p51c6rcp3x-gcc-8.3.0-lib/lib/:/nix/store/qb6k4hp7gk331x9fydw0w7qj4dv09bwz-glibc-2.27/lib/:/nix/store/65dk7wwwkn9cgim39k7p3823qdrqy8py-gcc-wrapper-8.3.0/bin/:/nix/store/nrisqq65br52ys4w6nly7vkjb2j10yy4-gcc-8.3.0/libexec/gcc/x86_64-unknown-linux-gnu/8.3.0/:/nix/store/nrisqq65br52ys4w6nly7vkjb2j10yy4-gcc-8.3.0/libexec/gcc/x86_64-unknown-linux-gnu/8.3.0/:/nix/store/nrisqq65br52ys4w6nly7vkjb2j10yy4-gcc-8.3.0/libexec/gcc/x86_64-unknown-linux-gnu/:/nix/store/nrisqq65br52ys4w6nly7vkjb2j10yy4-gcc-8.3.0/lib/gcc/x86_64-unknown-linux-gnu/8.3.0/:/nix/store/nrisqq65br52ys4w6nly7vkjb2j10yy4-gcc-8.3.0/lib/gcc/x86_64-unknown-linux-gnu/
LIBRARY_PATH=/nix/store/1220kf6lvlswh677wvizp9p51c6rcp3x-gcc-8.3.0-lib/lib/:/nix/store/qb6k4hp7gk331x9fydw0w7qj4dv09bwz-glibc-2.27/lib/:/nix/store/65dk7wwwkn9cgim39k7p3823qdrqy8py-gcc-wrapper-8.3.0/bin/:/nix/store/nrisqq65br52ys4w6nly7vkjb2j10yy4-gcc-8.3.0/lib/gcc/x86_64-unknown-linux-gnu/8.3.0/:/nix/store/nrisqq65br52ys4w6nly7vkjb2j10yy4-gcc-8.3.0/lib/gcc/x86_64-unknown-linux-gnu/8.3.0/../../../../lib64/:/nix/store/nrisqq65br52ys4w6nly7vkjb2j10yy4-gcc-8.3.0/lib/gcc/x86_64-unknown-linux-gnu/8.3.0/../../../
COLLECT_GCC_OPTIONS='-O2' '-D' '_FORTIFY_SOURCE=2' '-fstack-protector-strong' '--param' 'ssp-buffer-size=4' '-fno-strict-overflow' '-Wformat=1' '-Wformat-security' '-Werror=format-security' '-fPIC' '-v' '-o' 'cmTC_061ee' '-B' '/nix/store/1220kf6lvlswh677wvizp9p51c6rcp3x-gcc-8.3.0-lib/lib' '-B' '/nix/store/qb6k4hp7gk331x9fydw0w7qj4dv09bwz-glibc-2.27/lib/' '-idirafter' '/nix/store/4a8wp97g0ddhjwx573k30x4fqzvkfn67-glibc-2.27-dev/include' '-idirafter' '/nix/store/nrisqq65br52ys4w6nly7vkjb2j10yy4-gcc-8.3.0/lib/gcc/x86_64-unknown-linux-gnu/8.3.0/include-fixed' '-B' '/nix/store/65dk7wwwkn9cgim39k7p3823qdrqy8py-gcc-wrapper-8.3.0/bin/' '-isystem' '/nix/store/4a2146gp8qxx1lcmb4lly3gi7jdlx3fj-gnumake-4.2.1/include' '-isystem' '/nix/store/0jnahzv857adfla66v60d8mwkndr0cxb-gdb-8.3.1/include' '-isystem' '/nix/store/54422mxw7x5wlay6qf238s0lmrp4akm7-boost-1.67.0-dev/include' '-isystem' '/nix/store/4a2146gp8qxx1lcmb4lly3gi7jdlx3fj-gnumake-4.2.1/include' '-isystem' '/nix/store/0jnahzv857adfla66v60d8mwkndr0cxb-gdb-8.3.1/include' '-isystem' '/nix/store/54422mxw7x5wlay6qf238s0lmrp4akm7-boost-1.67.0-dev/include' '-isystem' '/nix/store/4a2146gp8qxx1lcmb4lly3gi7jdlx3fj-gnumake-4.2.1/include' '-isystem' '/nix/store/0jnahzv857adfla66v60d8mwkndr0cxb-gdb-8.3.1/include' '-isystem' '/nix/store/54422mxw7x5wlay6qf238s0lmrp4akm7-boost-1.67.0-dev/include' '-L/nix/store/0jnahzv857adfla66v60d8mwkndr0cxb-gdb-8.3.1/lib' '-L/nix/store/zg0r279wslh25h9ghf9r8l6g29x3b0c9-boost-1.67.0/lib' '-L/nix/store/0jnahzv857adfla66v60d8mwkndr0cxb-gdb-8.3.1/lib' '-L/nix/store/zg0r279wslh25h9ghf9r8l6g29x3b0c9-boost-1.67.0/lib' '-L/nix/store/0jnahzv857adfla66v60d8mwkndr0cxb-gdb-8.3.1/lib' '-L/nix/store/zg0r279wslh25h9ghf9r8l6g29x3b0c9-boost-1.67.0/lib' '-L/nix/store/qb6k4hp7gk331x9fydw0w7qj4dv09bwz-glibc-2.27/lib' '-L/nix/store/1220kf6lvlswh677wvizp9p51c6rcp3x-gcc-8.3.0-lib/lib' '-mtune=generic' '-march=x86-64'
 /nix/store/nrisqq65br52ys4w6nly7vkjb2j10yy4-gcc-8.3.0/libexec/gcc/x86_64-unknown-linux-gnu/8.3.0/collect2 -plugin /nix/store/nrisqq65br52ys4w6nly7vkjb2j10yy4-gcc-8.3.0/libexec/gcc/x86_64-unknown-linux-gnu/8.3.0/liblto_plugin.so -plugin-opt=/nix/store/nrisqq65br52ys4w6nly7vkjb2j10yy4-gcc-8.3.0/libexec/gcc/x86_64-unknown-linux-gnu/8.3.0/lto-wrapper -plugin-opt=-fresolution=/run/user/1000/ccyXo4Lu.res -plugin-opt=-pass-through=-lgcc -plugin-opt=-pass-through=-lgcc_s -plugin-opt=-pass-through=-lc -plugin-opt=-pass-through=-lgcc -plugin-opt=-pass-through=-lgcc_s --eh-frame-hdr -m elf_x86_64 -dynamic-linker /nix/store/qb6k4hp7gk331x9fydw0w7qj4dv09bwz-glibc-2.27/lib64/ld-linux-x86-64.so.2 -o cmTC_061ee /nix/store/qb6k4hp7gk331x9fydw0w7qj4dv09bwz-glibc-2.27/lib/crt1.o /nix/store/qb6k4hp7gk331x9fydw0w7qj4dv09bwz-glibc-2.27/lib/crti.o /nix/store/nrisqq65br52ys4w6nly7vkjb2j10yy4-gcc-8.3.0/lib/gcc/x86_64-unknown-linux-gnu/8.3.0/crtbegin.o -L/nix/store/0jnahzv857adfla66v60d8mwkndr0cxb-gdb-8.3.1/lib -L/nix/store/zg0r279wslh25h9ghf9r8l6g29x3b0c9-boost-1.67.0/lib -L/nix/store/0jnahzv857adfla66v60d8mwkndr0cxb-gdb-8.3.1/lib -L/nix/store/zg0r279wslh25h9ghf9r8l6g29x3b0c9-boost-1.67.0/lib -L/nix/store/0jnahzv857adfla66v60d8mwkndr0cxb-gdb-8.3.1/lib -L/nix/store/zg0r279wslh25h9ghf9r8l6g29x3b0c9-boost-1.67.0/lib -L/nix/store/qb6k4hp7gk331x9fydw0w7qj4dv09bwz-glibc-2.27/lib -L/nix/store/1220kf6lvlswh677wvizp9p51c6rcp3x-gcc-8.3.0-lib/lib -L/nix/store/1220kf6lvlswh677wvizp9p51c6rcp3x-gcc-8.3.0-lib/lib -L/nix/store/qb6k4hp7gk331x9fydw0w7qj4dv09bwz-glibc-2.27/lib -L/nix/store/65dk7wwwkn9cgim39k7p3823qdrqy8py-gcc-wrapper-8.3.0/bin -L/nix/store/nrisqq65br52ys4w6nly7vkjb2j10yy4-gcc-8.3.0/lib/gcc/x86_64-unknown-linux-gnu/8.3.0 -L/nix/store/nrisqq65br52ys4w6nly7vkjb2j10yy4-gcc-8.3.0/lib/gcc/x86_64-unknown-linux-gnu/8.3.0/../../../../lib64 -L/nix/store/nrisqq65br52ys4w6nly7vkjb2j10yy4-gcc-8.3.0/lib/gcc/x86_64-unknown-linux-gnu/8.3.0/../../.. -dynamic-linker /nix/store/qb6k4hp7gk331x9fydw0w7qj4dv09bwz-glibc-2.27/lib/ld-linux-x86-64.so.2 CMakeFiles/cmTC_061ee.dir/CMakeCCompilerABI.c.o -rpath /nix/store/gvsgmax217k1ibc5kkwglldn1dw3sahh-adventofcode/lib64 -rpath /nix/store/gvsgmax217k1ibc5kkwglldn1dw3sahh-adventofcode/lib -lgcc --as-needed -lgcc_s --no-as-needed -lc -lgcc --as-needed -lgcc_s --no-as-needed /nix/store/nrisqq65br52ys4w6nly7vkjb2j10yy4-gcc-8.3.0/lib/gcc/x86_64-unknown-linux-gnu/8.3.0/crtend.o /nix/store/qb6k4hp7gk331x9fydw0w7qj4dv09bwz-glibc-2.27/lib/crtn.o
COLLECT_GCC_OPTIONS='-O2' '-D' '_FORTIFY_SOURCE=2' '-fstack-protector-strong' '--param' 'ssp-buffer-size=4' '-fno-strict-overflow' '-Wformat=1' '-Wformat-security' '-Werror=format-security' '-fPIC' '-v' '-o' 'cmTC_061ee' '-B' '/nix/store/1220kf6lvlswh677wvizp9p51c6rcp3x-gcc-8.3.0-lib/lib' '-B' '/nix/store/qb6k4hp7gk331x9fydw0w7qj4dv09bwz-glibc-2.27/lib/' '-idirafter' '/nix/store/4a8wp97g0ddhjwx573k30x4fqzvkfn67-glibc-2.27-dev/include' '-idirafter' '/nix/store/nrisqq65br52ys4w6nly7vkjb2j10yy4-gcc-8.3.0/lib/gcc/x86_64-unknown-linux-gnu/8.3.0/include-fixed' '-B' '/nix/store/65dk7wwwkn9cgim39k7p3823qdrqy8py-gcc-wrapper-8.3.0/bin/' '-isystem' '/nix/store/4a2146gp8qxx1lcmb4lly3gi7jdlx3fj-gnumake-4.2.1/include' '-isystem' '/nix/store/0jnahzv857adfla66v60d8mwkndr0cxb-gdb-8.3.1/include' '-isystem' '/nix/store/54422mxw7x5wlay6qf238s0lmrp4akm7-boost-1.67.0-dev/include' '-isystem' '/nix/store/4a2146gp8qxx1lcmb4lly3gi7jdlx3fj-gnumake-4.2.1/include' '-isystem' '/nix/store/0jnahzv857adfla66v60d8mwkndr0cxb-gdb-8.3.1/include' '-isystem' '/nix/store/54422mxw7x5wlay6qf238s0lmrp4akm7-boost-1.67.0-dev/include' '-isystem' '/nix/store/4a2146gp8qxx1lcmb4lly3gi7jdlx3fj-gnumake-4.2.1/include' '-isystem' '/nix/store/0jnahzv857adfla66v60d8mwkndr0cxb-gdb-8.3.1/include' '-isystem' '/nix/store/54422mxw7x5wlay6qf238s0lmrp4akm7-boost-1.67.0-dev/include' '-L/nix/store/0jnahzv857adfla66v60d8mwkndr0cxb-gdb-8.3.1/lib' '-L/nix/store/zg0r279wslh25h9ghf9r8l6g29x3b0c9-boost-1.67.0/lib' '-L/nix/store/0jnahzv857adfla66v60d8mwkndr0cxb-gdb-8.3.1/lib' '-L/nix/store/zg0r279wslh25h9ghf9r8l6g29x3b0c9-boost-1.67.0/lib' '-L/nix/store/0jnahzv857adfla66v60d8mwkndr0cxb-gdb-8.3.1/lib' '-L/nix/store/zg0r279wslh25h9ghf9r8l6g29x3b0c9-boost-1.67.0/lib' '-L/nix/store/qb6k4hp7gk331x9fydw0w7qj4dv09bwz-glibc-2.27/lib' '-L/nix/store/1220kf6lvlswh677wvizp9p51c6rcp3x-gcc-8.3.0-lib/lib' '-mtune=generic' '-march=x86-64'
make[1]: Leaving directory '/home/starji/projects/AdventOfCode/2019/day21/CMakeFiles/CMakeTmp'



Parsed C implicit include dir info from above output: rv=done
  found start of include info
  found start of implicit include info
    add: [/nix/store/4a2146gp8qxx1lcmb4lly3gi7jdlx3fj-gnumake-4.2.1/include]
    add: [/nix/store/0jnahzv857adfla66v60d8mwkndr0cxb-gdb-8.3.1/include]
    add: [/nix/store/54422mxw7x5wlay6qf238s0lmrp4akm7-boost-1.67.0-dev/include]
    add: [/nix/store/nrisqq65br52ys4w6nly7vkjb2j10yy4-gcc-8.3.0/lib/gcc/x86_64-unknown-linux-gnu/8.3.0/include]
    add: [/nix/store/nrisqq65br52ys4w6nly7vkjb2j10yy4-gcc-8.3.0/include]
    add: [/nix/store/nrisqq65br52ys4w6nly7vkjb2j10yy4-gcc-8.3.0/lib/gcc/x86_64-unknown-linux-gnu/8.3.0/include-fixed]
    add: [/nix/store/4a8wp97g0ddhjwx573k30x4fqzvkfn67-glibc-2.27-dev/include]
  end of search list found
  collapse include dir [/nix/store/4a2146gp8qxx1lcmb4lly3gi7jdlx3fj-gnumake-4.2.1/include] ==> [/nix/store/4a2146gp8qxx1lcmb4lly3gi7jdlx3fj-gnumake-4.2.1/include]
  collapse include dir [/nix/store/0jnahzv857adfla66v60d8mwkndr0cxb-gdb-8.3.1/include] ==> [/nix/store/0jnahzv857adfla66v60d8mwkndr0cxb-gdb-8.3.1/include]
  collapse include dir [/nix/store/54422mxw7x5wlay6qf238s0lmrp4akm7-boost-1.67.0-dev/include] ==> [/nix/store/54422mxw7x5wlay6qf238s0lmrp4akm7-boost-1.67.0-dev/include]
  collapse include dir [/nix/store/nrisqq65br52ys4w6nly7vkjb2j10yy4-gcc-8.3.0/lib/gcc/x86_64-unknown-linux-gnu/8.3.0/include] ==> [/nix/store/nrisqq65br52ys4w6nly7vkjb2j10yy4-gcc-8.3.0/lib/gcc/x86_64-unknown-linux-gnu/8.3.0/include]
  collapse include dir [/nix/store/nrisqq65br52ys4w6nly7vkjb2j10yy4-gcc-8.3.0/include] ==> [/nix/store/nrisqq65br52ys4w6nly7vkjb2j10yy4-gcc-8.3.0/include]
  collapse include dir [/nix/store/nrisqq65br52ys4w6nly7vkjb2j10yy4-gcc-8.3.0/lib/gcc/x86_64-unknown-linux-gnu/8.3.0/include-fixed] ==> [/nix/store/nrisqq65br52ys4w6nly7vkjb2j10yy4-gcc-8.3.0/lib/gcc/x86_64-unknown-linux-gnu/8.3.0/include-fixed]
  collapse include dir [/nix/store/4a8wp97g0ddhjwx573k30x4fqzvkfn67-glibc-2.27-dev/include] ==> [/nix/store/4a8wp97g0ddhjwx573k30x4fqzvkfn67-glibc-2.27-dev/include]
  implicit include dirs: [/nix/store/4a2146gp8qxx1lcmb4lly3gi7jdlx3fj-gnumake-4.2.1/include;/nix/store/0jnahzv857adfla66v60d8mwkndr0cxb-gdb-8.3.1/include;/nix/store/54422mxw7x5wlay6qf238s0lmrp4akm7-boost-1.67.0-dev/include;/nix/store/nrisqq65br52ys4w6nly7vkjb2j10yy4-gcc-8.3.0/lib/gcc/x86_64-unknown-linux-gnu/8.3.0/include;/nix/store/nrisqq65br52ys4w6nly7vkjb2j10yy4-gcc-8.3.0/include;/nix/store/nrisqq65br52ys4w6nly7vkjb2j10yy4-gcc-8.3.0/lib/gcc/x86_64-unknown-linux-gnu/8.3.0/include-fixed;/nix/store/4a8wp97g0ddhjwx573k30x4fqzvkfn67-glibc-2.27-dev/include]


Parsed C implicit link information from above output:
  link line regex: [^( *|.*[/\])(ld|CMAKE_LINK_STARTFILE-NOTFOUND|([^/\]+-)?ld|collect2)[^/\]*( |$)]
  ignore line: [Change Dir: /home/starji/projects/AdventOfCode/2019/day21/CMakeFiles/CMakeTmp]
  ignore line: []
  ignore line: [Run Build Command(s):/nix/store/4a2146gp8qxx1lcmb4lly3gi7jdlx3fj-gnumake-4.2.1/bin/make cmTC_061ee/fast && /nix/store/4a2146gp8qxx1lcmb4lly3gi7jdlx3fj-gnumake-4.2.1/bin/make -f CMakeFiles/cmTC_061ee.dir/build.make CMakeFiles/cmTC_061ee.dir/build]
  ignore line: [make[1]: Entering directory '/home/starji/projects/AdventOfCode/2019/day21/CMakeFiles/CMakeTmp']
  ignore line: [Building C object CMakeFiles/cmTC_061ee.dir/CMakeCCompilerABI.c.o]
  ignore line: [/nix/store/65dk7wwwkn9cgim39k7p3823qdrqy8py-gcc-wrapper-8.3.0/bin/gcc   -v -o CMakeFiles/cmTC_061ee.dir/CMakeCCompilerABI.c.o   -c /nix/store/glij0xdclaxpnqqfqp56a1yp494lsgp6-cmake-3.15.4/share/cmake-3.15/Modules/CMakeCCompilerABI.c]
  ignore line: [Using built-in specs.]
  ignore line: [COLLECT_GCC=/nix/store/nrisqq65br52ys4w6nly7vkjb2j10yy4-gcc-8.3.0/bin/gcc]
  ignore line: [Target: x86_64-unknown-linux-gnu]
  ignore line: [Configured with: ]
  ignore line: [Thread model: posix]
  ignore line: [gcc version 8.3.0 (GCC) ]
  ignore line: [COLLECT_GCC_OPTIONS='-O2' '-D' '_FORTIFY_SOURCE=2' '-fstack-protector-strong' '--param' 'ssp-buffer-size=4' '-fno-strict-overflow' '-Wformat=1' '-Wformat-security' '-Werror=format-security' '-fPIC' '-v' '-o' 'CMakeFiles/cmTC_061ee.dir/CMakeCCompilerABI.c.o' '-c' '-B' '/nix/store/1220kf6lvlswh677wvizp9p51c6rcp3x-gcc-8.3.0-lib/lib' '-B' '/nix/store/qb6k4hp7gk331x9fydw0w7qj4dv09bwz-glibc-2.27/lib/' '-idirafter' '/nix/store/4a8wp97g0ddhjwx573k30x4fqzvkfn67-glibc-2.27-dev/include' '-idirafter' '/nix/store/nrisqq65br52ys4w6nly7vkjb2j10yy4-gcc-8.3.0/lib/gcc/x86_64-unknown-linux-gnu/8.3.0/include-fixed' '-B' '/nix/store/65dk7wwwkn9cgim39k7p3823qdrqy8py-gcc-wrapper-8.3.0/bin/' '-isystem' '/nix/store/4a2146gp8qxx1lcmb4lly3gi7jdlx3fj-gnumake-4.2.1/include' '-isystem' '/nix/store/0jnahzv857adfla66v60d8mwkndr0cxb-gdb-8.3.1/include' '-isystem' '/nix/store/54422mxw7x5wlay6qf238s0lmrp4akm7-boost-1.67.0-dev/include' '-isystem' '/nix/store/4a2146gp8qxx1lcmb4lly3gi7jdlx3fj-gnumake-4.2.1/include' '-isystem' '/nix/store/0jnahzv857adfla66v60d8mwkndr0cxb-gdb-8.3.1/include' '-isystem' '/nix/store/54422mxw7x5wlay6qf238s0lmrp4akm7-boost-1.67.0-dev/include' '-isystem' '/nix/store/4a2146gp8qxx1lcmb4lly3gi7jdlx3fj-gnumake-4.2.1/include' '-isystem' '/nix/store/0jnahzv857adfla66v60d8mwkndr0cxb-gdb-8.3.1/include' '-isystem' '/nix/store/54422mxw7x5wlay6qf238s0lmrp4akm7-boost-1.67.0-dev/include' '-mtune=generic' '-march=x86-64']
  ignore line: [ /nix/store/nrisqq65br52ys4w6nly7vkjb2j10yy4-gcc-8.3.0/libexec/gcc/x86_64-unknown-linux-gnu/8.3.0/cc1 -quiet -v -D _FORTIFY_SOURCE=2 -idirafter /nix/store/4a8wp97g0ddhjwx573k30x4fqzvkfn67-glibc-2.27-dev/include -idirafter /nix/store/nrisqq65br52ys4w6nly7vkjb2j10yy4-gcc-8.3.0/lib/gcc/x86_64-unknown-linux-gnu/8.3.0/include-fixed -isystem /nix/store/4a2146gp8qxx1lcmb4lly3gi7jdlx3fj-gnumake-4.2.1/include -isystem /nix/store/0jnahzv857adfla66v60d8mwkndr0cxb-gdb-8.3.1/include -isystem /nix/store/54422mxw7x5wlay6qf238s0lmrp4akm7-boost-1.67.0-dev/include -isystem /nix/store/4a2146gp8qxx1lcmb4lly3gi7jdlx3fj-gnumake-4.2.1/include -isystem /nix/store/0jnahzv857adfla66v60d8mwkndr0cxb-gdb-8.3.1/include -isystem /nix/store/54422mxw7x5wlay6qf238s0lmrp4akm7-boost-1.67.0-dev/include -isystem /nix/store/4a2146gp8qxx1lcmb4lly3gi7jdlx3fj-gnumake-4.2.1/include -isystem /nix/store/0jnahzv857adfla66v60d8mwkndr0cxb-gdb-8.3.1/include -isystem /nix/store/54422mxw7x5wlay6qf238s0lmrp4akm7-boost-1.67.0-dev/include /nix/store/glij0xdclaxpnqqfqp56a1yp494lsgp6-cmake-3.15.4/share/cmake-3.15/Modules/CMakeCCompilerABI.c -quiet -dumpbase CMakeCCompilerABI.c -mtune=generic -march=x86-64 -auxbase-strip CMakeFiles/cmTC_061ee.dir/CMakeCCompilerABI.c.o -O2 -Wformat=1 -Wformat-security -Werror=format-security -version -fstack-protector-strong -fno-strict-overflow -fPIC --param ssp-buffer-size=4 -o /run/user/1000/cc8ARf9r.s]
  ignore line: [GNU C17 (GCC) version 8.3.0 (x86_64-unknown-linux-gnu)]
  ignore line: [	compiled by GNU C version 8.3.0, GMP version 6.1.2, MPFR version 4.0.2, MPC version 1.1.0, isl version isl-0.17.1-GMP]
  ignore line: []
  ignore line: [GGC heuristics: --param ggc-min-expand=100 --param ggc-min-heapsize=131072]
  ignore line: [ignoring duplicate directory "/nix/store/4a2146gp8qxx1lcmb4lly3gi7jdlx3fj-gnumake-4.2.1/include"]
  ignore line: [ignoring duplicate directory "/nix/store/0jnahzv857adfla66v60d8mwkndr0cxb-gdb-8.3.1/include"]
  ignore line: [ignoring duplicate directory "/nix/store/54422mxw7x5wlay6qf238s0lmrp4akm7-boost-1.67.0-dev/include"]
  ignore line: [ignoring duplicate directory "/nix/store/4a2146gp8qxx1lcmb4lly3gi7jdlx3fj-gnumake-4.2.1/include"]
  ignore line: [ignoring duplicate directory "/nix/store/0jnahzv857adfla66v60d8mwkndr0cxb-gdb-8.3.1/include"]
  ignore line: [ignoring duplicate directory "/nix/store/54422mxw7x5wlay6qf238s0lmrp4akm7-boost-1.67.0-dev/include"]
  ignore line: [ignoring nonexistent directory "/nix/store/nrisqq65br52ys4w6nly7vkjb2j10yy4-gcc-8.3.0/lib/gcc/x86_64-unknown-linux-gnu/8.3.0/../../../../x86_64-unknown-linux-gnu/include"]
  ignore line: [ignoring duplicate directory "/nix/store/4a8wp97g0ddhjwx573k30x4fqzvkfn67-glibc-2.27-dev/include"]
  ignore line: [ignoring duplicate directory "/nix/store/nrisqq65br52ys4w6nly7vkjb2j10yy4-gcc-8.3.0/lib/gcc/x86_64-unknown-linux-gnu/8.3.0/include-fixed"]
  ignore line: [#include "..." search starts here:]
  ignore line: [#include <...> search starts here:]
  ignore line: [ /nix/store/4a2146gp8qxx1lcmb4lly3gi7jdlx3fj-gnumake-4.2.1/include]
  ignore line: [ /nix/store/0jnahzv857adfla66v60d8mwkndr0cxb-gdb-8.3.1/include]
  ignore line: [ /nix/store/54422mxw7x5wlay6qf238s0lmrp4akm7-boost-1.67.0-dev/include]
  ignore line: [ /nix/store/nrisqq65br52ys4w6nly7vkjb2j10yy4-gcc-8.3.0/lib/gcc/x86_64-unknown-linux-gnu/8.3.0/include]
  ignore line: [ /nix/store/nrisqq65br52ys4w6nly7vkjb2j10yy4-gcc-8.3.0/include]
  ignore line: [ /nix/store/nrisqq65br52ys4w6nly7vkjb2j10yy4-gcc-8.3.0/lib/gcc/x86_64-unknown-linux-gnu/8.3.0/include-fixed]
  ignore line: [ /nix/store/4a8wp97g0ddhjwx573k30x4fqzvkfn67-glibc-2.27-dev/include]
  ignore line: [End of search list.]
  ignore line: [GNU C17 (GCC) version 8.3.0 (x86_64-unknown-linux-gnu)]
  ignore line: [	compiled by GNU C version 8.3.0, GMP version 6.1.2, MPFR version 4.0.2, MPC version 1.1.0, isl version isl-0.17.1-GMP]
  ignore line: []
  ignore line: [GGC heuristics: --param ggc-min-expand=100 --param ggc-min-heapsize=131072]
  ignore line: [Compiler executable checksum: cf112fd04aecb78889f5dc2b0f992c85]
  ignore line: [COLLECT_GCC_OPTIONS='-O2' '-D' '_FORTIFY_SOURCE=2' '-fstack-protector-strong' '--param' 'ssp-buffer-size=4' '-fno-strict-overflow' '-Wformat=1' '-Wformat-security' '-Werror=format-security' '-fPIC' '-v' '-o' 'CMakeFiles/cmTC_061ee.dir/CMakeCCompilerABI.c.o' '-c' '-B' '/nix/store/1220kf6lvlswh677wvizp9p51c6rcp3x-gcc-8.3.0-lib/lib' '-B' '/nix/store/qb6k4hp7gk331x9fydw0w7qj4dv09bwz-glibc-2.27/lib/' '-idirafter' '/nix/store/4a8wp97g0ddhjwx573k30x4fqzvkfn67-glibc-2.27-dev/include' '-idirafter' '/nix/store/nrisqq65br52ys4w6nly7vkjb2j10yy4-gcc-8.3.0/lib/gcc/x86_64-unknown-linux-gnu/8.3.0/include-fixed' '-B' '/nix/store/65dk7wwwkn9cgim39k7p3823qdrqy8py-gcc-wrapper-8.3.0/bin/' '-isystem' '/nix/store/4a2146gp8qxx1lcmb4lly3gi7jdlx3fj-gnumake-4.2.1/include' '-isystem' '/nix/store/0jnahzv857adfla66v60d8mwkndr0cxb-gdb-8.3.1/include' '-isystem' '/nix/store/54422mxw7x5wlay6qf238s0lmrp4akm7-boost-1.67.0-dev/include' '-isystem' '/nix/store/4a2146gp8qxx1lcmb4lly3gi7jdlx3fj-gnumake-4.2.1/include' '-isystem' '/nix/store/0jnahzv857adfla66v60d8mwkndr0cxb-gdb-8.3.1/include' '-isystem' '/nix/store/54422mxw7x5wlay6qf238s0lmrp4akm7-boost-1.67.0-dev/include' '-isystem' '/nix/store/4a2146gp8qxx1lcmb4lly3gi7jdlx3fj-gnumake-4.2.1/include' '-isystem' '/nix/store/0jnahzv857adfla66v60d8mwkndr0cxb-gdb-8.3.1/include' '-isystem' '/nix/store/54422mxw7x5wlay6qf238s0lmrp4akm7-boost-1.67.0-dev/include' '-mtune=generic' '-march=x86-64']
  ignore line: [ /nix/store/65dk7wwwkn9cgim39k7p3823qdrqy8py-gcc-wrapper-8.3.0/bin/as -v --64 -o CMakeFiles/cmTC_061ee.dir/CMakeCCompilerABI.c.o /run/user/1000/cc8ARf9r.s]
  ignore line: [GNU assembler version 2.31.1 (x86_64-unknown-linux-gnu) using BFD version (GNU Binutils) 2.31.1]
  ignore line: [COMPILER_PATH=/nix/store/1220kf6lvlswh677wvizp9p51c6rcp3x-gcc-8.3.0-lib/lib/:/nix/store/qb6k4hp7gk331x9fydw0w7qj4dv09bwz-glibc-2.27/lib/:/nix/store/65dk7wwwkn9cgim39k7p3823qdrqy8py-gcc-wrapper-8.3.0/bin/:/nix/store/nrisqq65br52ys4w6nly7vkjb2j10yy4-gcc-8.3.0/libexec/gcc/x86_64-unknown-linux-gnu/8.3.0/:/nix/store/nrisqq65br52ys4w6nly7vkjb2j10yy4-gcc-8.3.0/libexec/gcc/x86_64-unknown-linux-gnu/8.3.0/:/nix/store/nrisqq65br52ys4w6nly7vkjb2j10yy4-gcc-8.3.0/libexec/gcc/x86_64-unknown-linux-gnu/:/nix/store/nrisqq65br52ys4w6nly7vkjb2j10yy4-gcc-8.3.0/lib/gcc/x86_64-unknown-linux-gnu/8.3.0/:/nix/store/nrisqq65br52ys4w6nly7vkjb2j10yy4-gcc-8.3.0/lib/gcc/x86_64-unknown-linux-gnu/]
  ignore line: [LIBRARY_PATH=/nix/store/1220kf6lvlswh677wvizp9p51c6rcp3x-gcc-8.3.0-lib/lib/:/nix/store/qb6k4hp7gk331x9fydw0w7qj4dv09bwz-glibc-2.27/lib/:/nix/store/65dk7wwwkn9cgim39k7p3823qdrqy8py-gcc-wrapper-8.3.0/bin/:/nix/store/nrisqq65br52ys4w6nly7vkjb2j10yy4-gcc-8.3.0/lib/gcc/x86_64-unknown-linux-gnu/8.3.0/:/nix/store/nrisqq65br52ys4w6nly7vkjb2j10yy4-gcc-8.3.0/lib/gcc/x86_64-unknown-linux-gnu/8.3.0/../../../../lib64/:/nix/store/nrisqq65br52ys4w6nly7vkjb2j10yy4-gcc-8.3.0/lib/gcc/x86_64-unknown-linux-gnu/8.3.0/../../../]
  ignore line: [COLLECT_GCC_OPTIONS='-O2' '-D' '_FORTIFY_SOURCE=2' '-fstack-protector-strong' '--param' 'ssp-buffer-size=4' '-fno-strict-overflow' '-Wformat=1' '-Wformat-security' '-Werror=format-security' '-fPIC' '-v' '-o' 'CMakeFiles/cmTC_061ee.dir/CMakeCCompilerABI.c.o' '-c' '-B' '/nix/store/1220kf6lvlswh677wvizp9p51c6rcp3x-gcc-8.3.0-lib/lib' '-B' '/nix/store/qb6k4hp7gk331x9fydw0w7qj4dv09bwz-glibc-2.27/lib/' '-idirafter' '/nix/store/4a8wp97g0ddhjwx573k30x4fqzvkfn67-glibc-2.27-dev/include' '-idirafter' '/nix/store/nrisqq65br52ys4w6nly7vkjb2j10yy4-gcc-8.3.0/lib/gcc/x86_64-unknown-linux-gnu/8.3.0/include-fixed' '-B' '/nix/store/65dk7wwwkn9cgim39k7p3823qdrqy8py-gcc-wrapper-8.3.0/bin/' '-isystem' '/nix/store/4a2146gp8qxx1lcmb4lly3gi7jdlx3fj-gnumake-4.2.1/include' '-isystem' '/nix/store/0jnahzv857adfla66v60d8mwkndr0cxb-gdb-8.3.1/include' '-isystem' '/nix/store/54422mxw7x5wlay6qf238s0lmrp4akm7-boost-1.67.0-dev/include' '-isystem' '/nix/store/4a2146gp8qxx1lcmb4lly3gi7jdlx3fj-gnumake-4.2.1/include' '-isystem' '/nix/store/0jnahzv857adfla66v60d8mwkndr0cxb-gdb-8.3.1/include' '-isystem' '/nix/store/54422mxw7x5wlay6qf238s0lmrp4akm7-boost-1.67.0-dev/include' '-isystem' '/nix/store/4a2146gp8qxx1lcmb4lly3gi7jdlx3fj-gnumake-4.2.1/include' '-isystem' '/nix/store/0jnahzv857adfla66v60d8mwkndr0cxb-gdb-8.3.1/include' '-isystem' '/nix/store/54422mxw7x5wlay6qf238s0lmrp4akm7-boost-1.67.0-dev/include' '-mtune=generic' '-march=x86-64']
  ignore line: [Linking C executable cmTC_061ee]
  ignore line: [/nix/store/glij0xdclaxpnqqfqp56a1yp494lsgp6-cmake-3.15.4/bin/cmake -E cmake_link_script CMakeFiles/cmTC_061ee.dir/link.txt --verbose=1]
  ignore line: [/nix/store/65dk7wwwkn9cgim39k7p3823qdrqy8py-gcc-wrapper-8.3.0/bin/gcc     -v CMakeFiles/cmTC_061ee.dir/CMakeCCompilerABI.c.o  -o cmTC_061ee ]
  ignore line: [Using built-in specs.]
  ignore line: [COLLECT_GCC=/nix/store/nrisqq65br52ys4w6nly7vkjb2j10yy4-gcc-8.3.0/bin/gcc]
  ignore line: [COLLECT_LTO_WRAPPER=/nix/store/nrisqq65br52ys4w6nly7vkjb2j10yy4-gcc-8.3.0/libexec/gcc/x86_64-unknown-linux-gnu/8.3.0/lto-wrapper]
  ignore line: [Target: x86_64-unknown-linux-gnu]
  ignore line: [Configured with: ]
  ignore line: [Thread model: posix]
  ignore line: [gcc version 8.3.0 (GCC) ]
  ignore line: [COMPILER_PATH=/nix/store/1220kf6lvlswh677wvizp9p51c6rcp3x-gcc-8.3.0-lib/lib/:/nix/store/qb6k4hp7gk331x9fydw0w7qj4dv09bwz-glibc-2.27/lib/:/nix/store/65dk7wwwkn9cgim39k7p3823qdrqy8py-gcc-wrapper-8.3.0/bin/:/nix/store/nrisqq65br52ys4w6nly7vkjb2j10yy4-gcc-8.3.0/libexec/gcc/x86_64-unknown-linux-gnu/8.3.0/:/nix/store/nrisqq65br52ys4w6nly7vkjb2j10yy4-gcc-8.3.0/libexec/gcc/x86_64-unknown-linux-gnu/8.3.0/:/nix/store/nrisqq65br52ys4w6nly7vkjb2j10yy4-gcc-8.3.0/libexec/gcc/x86_64-unknown-linux-gnu/:/nix/store/nrisqq65br52ys4w6nly7vkjb2j10yy4-gcc-8.3.0/lib/gcc/x86_64-unknown-linux-gnu/8.3.0/:/nix/store/nrisqq65br52ys4w6nly7vkjb2j10yy4-gcc-8.3.0/lib/gcc/x86_64-unknown-linux-gnu/]
  ignore line: [LIBRARY_PATH=/nix/store/1220kf6lvlswh677wvizp9p51c6rcp3x-gcc-8.3.0-lib/lib/:/nix/store/qb6k4hp7gk331x9fydw0w7qj4dv09bwz-glibc-2.27/lib/:/nix/store/65dk7wwwkn9cgim39k7p3823qdrqy8py-gcc-wrapper-8.3.0/bin/:/nix/store/nrisqq65br52ys4w6nly7vkjb2j10yy4-gcc-8.3.0/lib/gcc/x86_64-unknown-linux-gnu/8.3.0/:/nix/store/nrisqq65br52ys4w6nly7vkjb2j10yy4-gcc-8.3.0/lib/gcc/x86_64-unknown-linux-gnu/8.3.0/../../../../lib64/:/nix/store/nrisqq65br52ys4w6nly7vkjb2j10yy4-gcc-8.3.0/lib/gcc/x86_64-unknown-linux-gnu/8.3.0/../../../]
  ignore line: [COLLECT_GCC_OPTIONS='-O2' '-D' '_FORTIFY_SOURCE=2' '-fstack-protector-strong' '--param' 'ssp-buffer-size=4' '-fno-strict-overflow' '-Wformat=1' '-Wformat-security' '-Werror=format-security' '-fPIC' '-v' '-o' 'cmTC_061ee' '-B' '/nix/store/1220kf6lvlswh677wvizp9p51c6rcp3x-gcc-8.3.0-lib/lib' '-B' '/nix/store/qb6k4hp7gk331x9fydw0w7qj4dv09bwz-glibc-2.27/lib/' '-idirafter' '/nix/store/4a8wp97g0ddhjwx573k30x4fqzvkfn67-glibc-2.27-dev/include' '-idirafter' '/nix/store/nrisqq65br52ys4w6nly7vkjb2j10yy4-gcc-8.3.0/lib/gcc/x86_64-unknown-linux-gnu/8.3.0/include-fixed' '-B' '/nix/store/65dk7wwwkn9cgim39k7p3823qdrqy8py-gcc-wrapper-8.3.0/bin/' '-isystem' '/nix/store/4a2146gp8qxx1lcmb4lly3gi7jdlx3fj-gnumake-4.2.1/include' '-isystem' '/nix/store/0jnahzv857adfla66v60d8mwkndr0cxb-gdb-8.3.1/include' '-isystem' '/nix/store/54422mxw7x5wlay6qf238s0lmrp4akm7-boost-1.67.0-dev/include' '-isystem' '/nix/store/4a2146gp8qxx1lcmb4lly3gi7jdlx3fj-gnumake-4.2.1/include' '-isystem' '/nix/store/0jnahzv857adfla66v60d8mwkndr0cxb-gdb-8.3.1/include' '-isystem' '/nix/store/54422mxw7x5wlay6qf238s0lmrp4akm7-boost-1.67.0-dev/include' '-isystem' '/nix/store/4a2146gp8qxx1lcmb4lly3gi7jdlx3fj-gnumake-4.2.1/include' '-isystem' '/nix/store/0jnahzv857adfla66v60d8mwkndr0cxb-gdb-8.3.1/include' '-isystem' '/nix/store/54422mxw7x5wlay6qf238s0lmrp4akm7-boost-1.67.0-dev/include' '-L/nix/store/0jnahzv857adfla66v60d8mwkndr0cxb-gdb-8.3.1/lib' '-L/nix/store/zg0r279wslh25h9ghf9r8l6g29x3b0c9-boost-1.67.0/lib' '-L/nix/store/0jnahzv857adfla66v60d8mwkndr0cxb-gdb-8.3.1/lib' '-L/nix/store/zg0r279wslh25h9ghf9r8l6g29x3b0c9-boost-1.67.0/lib' '-L/nix/store/0jnahzv857adfla66v60d8mwkndr0cxb-gdb-8.3.1/lib' '-L/nix/store/zg0r279wslh25h9ghf9r8l6g29x3b0c9-boost-1.67.0/lib' '-L/nix/store/qb6k4hp7gk331x9fydw0w7qj4dv09bwz-glibc-2.27/lib' '-L/nix/store/1220kf6lvlswh677wvizp9p51c6rcp3x-gcc-8.3.0-lib/lib' '-mtune=generic' '-march=x86-64']
  link line: [ /nix/store/nrisqq65br52ys4w6nly7vkjb2j10yy4-gcc-8.3.0/libexec/gcc/x86_64-unknown-linux-gnu/8.3.0/collect2 -plugin /nix/store/nrisqq65br52ys4w6nly7vkjb2j10yy4-gcc-8.3.0/libexec/gcc/x86_64-unknown-linux-gnu/8.3.0/liblto_plugin.so -plugin-opt=/nix/store/nrisqq65br52ys4w6nly7vkjb2j10yy4-gcc-8.3.0/libexec/gcc/x86_64-unknown-linux-gnu/8.3.0/lto-wrapper -plugin-opt=-fresolution=/run/user/1000/ccyXo4Lu.res -plugin-opt=-pass-through=-lgcc -plugin-opt=-pass-through=-lgcc_s -plugin-opt=-pass-through=-lc -plugin-opt=-pass-through=-lgcc -plugin-opt=-pass-through=-lgcc_s --eh-frame-hdr -m elf_x86_64 -dynamic-linker /nix/store/qb6k4hp7gk331x9fydw0w7qj4dv09bwz-glibc-2.27/lib64/ld-linux-x86-64.so.2 -o cmTC_061ee /nix/store/qb6k4hp7gk331x9fydw0w7qj4dv09bwz-glibc-2.27/lib/crt1.o /nix/store/qb6k4hp7gk331x9fydw0w7qj4dv09bwz-glibc-2.27/lib/crti.o /nix/store/nrisqq65br52ys4w6nly7vkjb2j10yy4-gcc-8.3.0/lib/gcc/x86_64-unknown-linux-gnu/8.3.0/crtbegin.o -L/nix/store/0jnahzv857adfla66v60d8mwkndr0cxb-gdb-8.3.1/lib -L/nix/store/zg0r279wslh25h9ghf9r8l6g29x3b0c9-boost-1.67.0/lib -L/nix/store/0jnahzv857adfla66v60d8mwkndr0cxb-gdb-8.3.1/lib -L/nix/store/zg0r279wslh25h9ghf9r8l6g29x3b0c9-boost-1.67.0/lib -L/nix/store/0jnahzv857adfla66v60d8mwkndr0cxb-gdb-8.3.1/lib -L/nix/store/zg0r279wslh25h9ghf9r8l6g29x3b0c9-boost-1.67.0/lib -L/nix/store/qb6k4hp7gk331x9fydw0w7qj4dv09bwz-glibc-2.27/lib -L/nix/store/1220kf6lvlswh677wvizp9p51c6rcp3x-gcc-8.3.0-lib/lib -L/nix/store/1220kf6lvlswh677wvizp9p51c6rcp3x-gcc-8.3.0-lib/lib -L/nix/store/qb6k4hp7gk331x9fydw0w7qj4dv09bwz-glibc-2.27/lib -L/nix/store/65dk7wwwkn9cgim39k7p3823qdrqy8py-gcc-wrapper-8.3.0/bin -L/nix/store/nrisqq65br52ys4w6nly7vkjb2j10yy4-gcc-8.3.0/lib/gcc/x86_64-unknown-linux-gnu/8.3.0 -L/nix/store/nrisqq65br52ys4w6nly7vkjb2j10yy4-gcc-8.3.0/lib/gcc/x86_64-unknown-linux-gnu/8.3.0/../../../../lib64 -L/nix/store/nrisqq65br52ys4w6nly7vkjb2j10yy4-gcc-8.3.0/lib/gcc/x86_64-unknown-linux-gnu/8.3.0/../../.. -dynamic-linker /nix/store/qb6k4hp7gk331x9fydw0w7qj4dv09bwz-glibc-2.27/lib/ld-linux-x86-64.so.2 CMakeFiles/cmTC_061ee.dir/CMakeCCompilerABI.c.o -rpath /nix/store/gvsgmax217k1ibc5kkwglldn1dw3sahh-adventofcode/lib64 -rpath /nix/store/gvsgmax217k1ibc5kkwglldn1dw3sahh-adventofcode/lib -lgcc --as-needed -lgcc_s --no-as-needed -lc -lgcc --as-needed -lgcc_s --no-as-needed /nix/store/nrisqq65br52ys4w6nly7vkjb2j10yy4-gcc-8.3.0/lib/gcc/x86_64-unknown-linux-gnu/8.3.0/crtend.o /nix/store/qb6k4hp7gk331x9fydw0w7qj4dv09bwz-glibc-2.27/lib/crtn.o]
    arg [/nix/store/nrisqq65br52ys4w6nly7vkjb2j10yy4-gcc-8.3.0/libexec/gcc/x86_64-unknown-linux-gnu/8.3.0/collect2] ==> ignore
    arg [-plugin] ==> ignore
    arg [/nix/store/nrisqq65br52ys4w6nly7vkjb2j10yy4-gcc-8.3.0/libexec/gcc/x86_64-unknown-linux-gnu/8.3.0/liblto_plugin.so] ==> ignore
    arg [-plugin-opt=/nix/store/nrisqq65br52ys4w6nly7vkjb2j10yy4-gcc-8.3.0/libexec/gcc/x86_64-unknown-linux-gnu/8.3.0/lto-wrapper] ==> ignore
    arg [-plugin-opt=-fresolution=/run/user/1000/ccyXo4Lu.res] ==> ignore
    arg [-plugin-opt=-pass-through=-lgcc] ==> ignore
    arg [-plugin-opt=-pass-through=-lgcc_s] ==> ignore
    arg [-plugin-opt=-pass-through=-lc] ==> ignore
    arg [-plugin-opt=-pass-through=-lgcc] ==> ignore
    arg [-plugin-opt=-pass-through=-lgcc_s] ==> ignore
    arg [--eh-frame-hdr] ==> ignore
    arg [-m] ==> ignore
    arg [elf_x86_64] ==> ignore
    arg [-dynamic-linker] ==> ignore
    arg [/nix/store/qb6k4hp7gk331x9fydw0w7qj4dv09bwz-glibc-2.27/lib64/ld-linux-x86-64.so.2] ==> ignore
    arg [-o] ==> ignore
    arg [cmTC_061ee] ==> ignore
    arg [/nix/store/qb6k4hp7gk331x9fydw0w7qj4dv09bwz-glibc-2.27/lib/crt1.o] ==> ignore
    arg [/nix/store/qb6k4hp7gk331x9fydw0w7qj4dv09bwz-glibc-2.27/lib/crti.o] ==> ignore
    arg [/nix/store/nrisqq65br52ys4w6nly7vkjb2j10yy4-gcc-8.3.0/lib/gcc/x86_64-unknown-linux-gnu/8.3.0/crtbegin.o] ==> ignore
    arg [-L/nix/store/0jnahzv857adfla66v60d8mwkndr0cxb-gdb-8.3.1/lib] ==> dir [/nix/store/0jnahzv857adfla66v60d8mwkndr0cxb-gdb-8.3.1/lib]
    arg [-L/nix/store/zg0r279wslh25h9ghf9r8l6g29x3b0c9-boost-1.67.0/lib] ==> dir [/nix/store/zg0r279wslh25h9ghf9r8l6g29x3b0c9-boost-1.67.0/lib]
    arg [-L/nix/store/0jnahzv857adfla66v60d8mwkndr0cxb-gdb-8.3.1/lib] ==> dir [/nix/store/0jnahzv857adfla66v60d8mwkndr0cxb-gdb-8.3.1/lib]
    arg [-L/nix/store/zg0r279wslh25h9ghf9r8l6g29x3b0c9-boost-1.67.0/lib] ==> dir [/nix/store/zg0r279wslh25h9ghf9r8l6g29x3b0c9-boost-1.67.0/lib]
    arg [-L/nix/store/0jnahzv857adfla66v60d8mwkndr0cxb-gdb-8.3.1/lib] ==> dir [/nix/store/0jnahzv857adfla66v60d8mwkndr0cxb-gdb-8.3.1/lib]
    arg [-L/nix/store/zg0r279wslh25h9ghf9r8l6g29x3b0c9-boost-1.67.0/lib] ==> dir [/nix/store/zg0r279wslh25h9ghf9r8l6g29x3b0c9-boost-1.67.0/lib]
    arg [-L/nix/store/qb6k4hp7gk331x9fydw0w7qj4dv09bwz-glibc-2.27/lib] ==> dir [/nix/store/qb6k4hp7gk331x9fydw0w7qj4dv09bwz-glibc-2.27/lib]
    arg [-L/nix/store/1220kf6lvlswh677wvizp9p51c6rcp3x-gcc-8.3.0-lib/lib] ==> dir [/nix/store/1220kf6lvlswh677wvizp9p51c6rcp3x-gcc-8.3.0-lib/lib]
    arg [-L/nix/store/1220kf6lvlswh677wvizp9p51c6rcp3x-gcc-8.3.0-lib/lib] ==> dir [/nix/store/1220kf6lvlswh677wvizp9p51c6rcp3x-gcc-8.3.0-lib/lib]
    arg [-L/nix/store/qb6k4hp7gk331x9fydw0w7qj4dv09bwz-glibc-2.27/lib] ==> dir [/nix/store/qb6k4hp7gk331x9fydw0w7qj4dv09bwz-glibc-2.27/lib]
    arg [-L/nix/store/65dk7wwwkn9cgim39k7p3823qdrqy8py-gcc-wrapper-8.3.0/bin] ==> dir [/nix/store/65dk7wwwkn9cgim39k7p3823qdrqy8py-gcc-wrapper-8.3.0/bin]
    arg [-L/nix/store/nrisqq65br52ys4w6nly7vkjb2j10yy4-gcc-8.3.0/lib/gcc/x86_64-unknown-linux-gnu/8.3.0] ==> dir [/nix/store/nrisqq65br52ys4w6nly7vkjb2j10yy4-gcc-8.3.0/lib/gcc/x86_64-unknown-linux-gnu/8.3.0]
    arg [-L/nix/store/nrisqq65br52ys4w6nly7vkjb2j10yy4-gcc-8.3.0/lib/gcc/x86_64-unknown-linux-gnu/8.3.0/../../../../lib64] ==> dir [/nix/store/nrisqq65br52ys4w6nly7vkjb2j10yy4-gcc-8.3.0/lib/gcc/x86_64-unknown-linux-gnu/8.3.0/../../../../lib64]
    arg [-L/nix/store/nrisqq65br52ys4w6nly7vkjb2j10yy4-gcc-8.3.0/lib/gcc/x86_64-unknown-linux-gnu/8.3.0/../../..] ==> dir [/nix/store/nrisqq65br52ys4w6nly7vkjb2j10yy4-gcc-8.3.0/lib/gcc/x86_64-unknown-linux-gnu/8.3.0/../../..]
    arg [-dynamic-linker] ==> ignore
    arg [/nix/store/qb6k4hp7gk331x9fydw0w7qj4dv09bwz-glibc-2.27/lib/ld-linux-x86-64.so.2] ==> ignore
    arg [CMakeFiles/cmTC_061ee.dir/CMakeCCompilerABI.c.o] ==> ignore
    arg [-rpath] ==> ignore
    arg [/nix/store/gvsgmax217k1ibc5kkwglldn1dw3sahh-adventofcode/lib64] ==> ignore
    arg [-rpath] ==> ignore
    arg [/nix/store/gvsgmax217k1ibc5kkwglldn1dw3sahh-adventofcode/lib] ==> ignore
    arg [-lgcc] ==> lib [gcc]
    arg [--as-needed] ==> ignore
    arg [-lgcc_s] ==> lib [gcc_s]
    arg [--no-as-needed] ==> ignore
    arg [-lc] ==> lib [c]
    arg [-lgcc] ==> lib [gcc]
    arg [--as-needed] ==> ignore
    arg [-lgcc_s] ==> lib [gcc_s]
    arg [--no-as-needed] ==> ignore
    arg [/nix/store/nrisqq65br52ys4w6nly7vkjb2j10yy4-gcc-8.3.0/lib/gcc/x86_64-unknown-linux-gnu/8.3.0/crtend.o] ==> ignore
    arg [/nix/store/qb6k4hp7gk331x9fydw0w7qj4dv09bwz-glibc-2.27/lib/crtn.o] ==> ignore
  collapse library dir [/nix/store/0jnahzv857adfla66v60d8mwkndr0cxb-gdb-8.3.1/lib] ==> [/nix/store/0jnahzv857adfla66v60d8mwkndr0cxb-gdb-8.3.1/lib]
  collapse library dir [/nix/store/zg0r279wslh25h9ghf9r8l6g29x3b0c9-boost-1.67.0/lib] ==> [/nix/store/zg0r279wslh25h9ghf9r8l6g29x3b0c9-boost-1.67.0/lib]
  collapse library dir [/nix/store/0jnahzv857adfla66v60d8mwkndr0cxb-gdb-8.3.1/lib] ==> [/nix/store/0jnahzv857adfla66v60d8mwkndr0cxb-gdb-8.3.1/lib]
  collapse library dir [/nix/store/zg0r279wslh25h9ghf9r8l6g29x3b0c9-boost-1.67.0/lib] ==> [/nix/store/zg0r279wslh25h9ghf9r8l6g29x3b0c9-boost-1.67.0/lib]
  collapse library dir [/nix/store/0jnahzv857adfla66v60d8mwkndr0cxb-gdb-8.3.1/lib] ==> [/nix/store/0jnahzv857adfla66v60d8mwkndr0cxb-gdb-8.3.1/lib]
  collapse library dir [/nix/store/zg0r279wslh25h9ghf9r8l6g29x3b0c9-boost-1.67.0/lib] ==> [/nix/store/zg0r279wslh25h9ghf9r8l6g29x3b0c9-boost-1.67.0/lib]
  collapse library dir [/nix/store/qb6k4hp7gk331x9fydw0w7qj4dv09bwz-glibc-2.27/lib] ==> [/nix/store/qb6k4hp7gk331x9fydw0w7qj4dv09bwz-glibc-2.27/lib]
  collapse library dir [/nix/store/1220kf6lvlswh677wvizp9p51c6rcp3x-gcc-8.3.0-lib/lib] ==> [/nix/store/1220kf6lvlswh677wvizp9p51c6rcp3x-gcc-8.3.0-lib/lib]
  collapse library dir [/nix/store/1220kf6lvlswh677wvizp9p51c6rcp3x-gcc-8.3.0-lib/lib] ==> [/nix/store/1220kf6lvlswh677wvizp9p51c6rcp3x-gcc-8.3.0-lib/lib]
  collapse library dir [/nix/store/qb6k4hp7gk331x9fydw0w7qj4dv09bwz-glibc-2.27/lib] ==> [/nix/store/qb6k4hp7gk331x9fydw0w7qj4dv09bwz-glibc-2.27/lib]
  collapse library dir [/nix/store/65dk7wwwkn9cgim39k7p3823qdrqy8py-gcc-wrapper-8.3.0/bin] ==> [/nix/store/65dk7wwwkn9cgim39k7p3823qdrqy8py-gcc-wrapper-8.3.0/bin]
  collapse library dir [/nix/store/nrisqq65br52ys4w6nly7vkjb2j10yy4-gcc-8.3.0/lib/gcc/x86_64-unknown-linux-gnu/8.3.0] ==> [/nix/store/nrisqq65br52ys4w6nly7vkjb2j10yy4-gcc-8.3.0/lib/gcc/x86_64-unknown-linux-gnu/8.3.0]
  collapse library dir [/nix/store/nrisqq65br52ys4w6nly7vkjb2j10yy4-gcc-8.3.0/lib/gcc/x86_64-unknown-linux-gnu/8.3.0/../../../../lib64] ==> [/nix/store/nrisqq65br52ys4w6nly7vkjb2j10yy4-gcc-8.3.0/lib64]
  collapse library dir [/nix/store/nrisqq65br52ys4w6nly7vkjb2j10yy4-gcc-8.3.0/lib/gcc/x86_64-unknown-linux-gnu/8.3.0/../../..] ==> [/nix/store/nrisqq65br52ys4w6nly7vkjb2j10yy4-gcc-8.3.0/lib]
  implicit libs: [gcc;gcc_s;c;gcc;gcc_s]
  implicit dirs: [/nix/store/0jnahzv857adfla66v60d8mwkndr0cxb-gdb-8.3.1/lib;/nix/store/zg0r279wslh25h9ghf9r8l6g29x3b0c9-boost-1.67.0/lib;/nix/store/qb6k4hp7gk331x9fydw0w7qj4dv09bwz-glibc-2.27/lib;/nix/store/1220kf6lvlswh677wvizp9p51c6rcp3x-gcc-8.3.0-lib/lib;/nix/store/65dk7wwwkn9cgim39k7p3823qdrqy8py-gcc-wrapper-8.3.0/bin;/nix/store/nrisqq65br52ys4w6nly7vkjb2j10yy4-gcc-8.3.0/lib/gcc/x86_64-unknown-linux-gnu/8.3.0;/nix/store/nrisqq65br52ys4w6nly7vkjb2j10yy4-gcc-8.3.0/lib64;/nix/store/nrisqq65br52ys4w6nly7vkjb2j10yy4-gcc-8.3.0/lib]
  implicit fwks: []


Determining if the CXX compiler works passed with the following output:
Change Dir: /home/starji/projects/AdventOfCode/2019/day21/CMakeFiles/CMakeTmp

Run Build Command(s):/nix/store/4a2146gp8qxx1lcmb4lly3gi7jdlx3fj-gnumake-4.2.1/bin/make cmTC_d2c4e/fast && /nix/store/4a2146gp8qxx1lcmb4lly3gi7jdlx3fj-gnumake-4.2.1/bin/make -f CMakeFiles/cmTC_d2c4e.dir/build.make CMakeFiles/cmTC_d2c4e.dir/build
make[1]: Entering directory '/home/starji/projects/AdventOfCode/2019/day21/CMakeFiles/CMakeTmp'
Building CXX object CMakeFiles/cmTC_d2c4e.dir/testCXXCompiler.cxx.o
/nix/store/65dk7wwwkn9cgim39k7p3823qdrqy8py-gcc-wrapper-8.3.0/bin/g++     -o CMakeFiles/cmTC_d2c4e.dir/testCXXCompiler.cxx.o -c /home/starji/projects/AdventOfCode/2019/day21/CMakeFiles/CMakeTmp/testCXXCompiler.cxx
Linking CXX executable cmTC_d2c4e
/nix/store/glij0xdclaxpnqqfqp56a1yp494lsgp6-cmake-3.15.4/bin/cmake -E cmake_link_script CMakeFiles/cmTC_d2c4e.dir/link.txt --verbose=1
/nix/store/65dk7wwwkn9cgim39k7p3823qdrqy8py-gcc-wrapper-8.3.0/bin/g++       CMakeFiles/cmTC_d2c4e.dir/testCXXCompiler.cxx.o  -o cmTC_d2c4e 
make[1]: Leaving directory '/home/starji/projects/AdventOfCode/2019/day21/CMakeFiles/CMakeTmp'



Detecting CXX compiler ABI info compiled with the following output:
Change Dir: /home/starji/projects/AdventOfCode/2019/day21/CMakeFiles/CMakeTmp

Run Build Command(s):/nix/store/4a2146gp8qxx1lcmb4lly3gi7jdlx3fj-gnumake-4.2.1/bin/make cmTC_ec6b5/fast && /nix/store/4a2146gp8qxx1lcmb4lly3gi7jdlx3fj-gnumake-4.2.1/bin/make -f CMakeFiles/cmTC_ec6b5.dir/build.make CMakeFiles/cmTC_ec6b5.dir/build
make[1]: Entering directory '/home/starji/projects/AdventOfCode/2019/day21/CMakeFiles/CMakeTmp'
Building CXX object CMakeFiles/cmTC_ec6b5.dir/CMakeCXXCompilerABI.cpp.o
/nix/store/65dk7wwwkn9cgim39k7p3823qdrqy8py-gcc-wrapper-8.3.0/bin/g++    -v -o CMakeFiles/cmTC_ec6b5.dir/CMakeCXXCompilerABI.cpp.o -c /nix/store/glij0xdclaxpnqqfqp56a1yp494lsgp6-cmake-3.15.4/share/cmake-3.15/Modules/CMakeCXXCompilerABI.cpp
Using built-in specs.
COLLECT_GCC=/nix/store/nrisqq65br52ys4w6nly7vkjb2j10yy4-gcc-8.3.0/bin/g++
Target: x86_64-unknown-linux-gnu
Configured with: 
Thread model: posix
gcc version 8.3.0 (GCC) 
COLLECT_GCC_OPTIONS='-O2' '-D' '_FORTIFY_SOURCE=2' '-fstack-protector-strong' '--param' 'ssp-buffer-size=4' '-fno-strict-overflow' '-Wformat=1' '-Wformat-security' '-Werror=format-security' '-fPIC' '-v' '-o' 'CMakeFiles/cmTC_ec6b5.dir/CMakeCXXCompilerABI.cpp.o' '-c' '-B' '/nix/store/1220kf6lvlswh677wvizp9p51c6rcp3x-gcc-8.3.0-lib/lib' '-B' '/nix/store/qb6k4hp7gk331x9fydw0w7qj4dv09bwz-glibc-2.27/lib/' '-idirafter' '/nix/store/4a8wp97g0ddhjwx573k30x4fqzvkfn67-glibc-2.27-dev/include' '-idirafter' '/nix/store/nrisqq65br52ys4w6nly7vkjb2j10yy4-gcc-8.3.0/lib/gcc/x86_64-unknown-linux-gnu/8.3.0/include-fixed' '-B' '/nix/store/65dk7wwwkn9cgim39k7p3823qdrqy8py-gcc-wrapper-8.3.0/bin/' '-isystem' '/nix/store/4a2146gp8qxx1lcmb4lly3gi7jdlx3fj-gnumake-4.2.1/include' '-isystem' '/nix/store/0jnahzv857adfla66v60d8mwkndr0cxb-gdb-8.3.1/include' '-isystem' '/nix/store/54422mxw7x5wlay6qf238s0lmrp4akm7-boost-1.67.0-dev/include' '-isystem' '/nix/store/4a2146gp8qxx1lcmb4lly3gi7jdlx3fj-gnumake-4.2.1/include' '-isystem' '/nix/store/0jnahzv857adfla66v60d8mwkndr0cxb-gdb-8.3.1/include' '-isystem' '/nix/store/54422mxw7x5wlay6qf238s0lmrp4akm7-boost-1.67.0-dev/include' '-isystem' '/nix/store/4a2146gp8qxx1lcmb4lly3gi7jdlx3fj-gnumake-4.2.1/include' '-isystem' '/nix/store/0jnahzv857adfla66v60d8mwkndr0cxb-gdb-8.3.1/include' '-isystem' '/nix/store/54422mxw7x5wlay6qf238s0lmrp4akm7-boost-1.67.0-dev/include' '-shared-libgcc' '-mtune=generic' '-march=x86-64'
 /nix/store/nrisqq65br52ys4w6nly7vkjb2j10yy4-gcc-8.3.0/libexec/gcc/x86_64-unknown-linux-gnu/8.3.0/cc1plus -quiet -v -D_GNU_SOURCE -D _FORTIFY_SOURCE=2 -idirafter /nix/store/4a8wp97g0ddhjwx573k30x4fqzvkfn67-glibc-2.27-dev/include -idirafter /nix/store/nrisqq65br52ys4w6nly7vkjb2j10yy4-gcc-8.3.0/lib/gcc/x86_64-unknown-linux-gnu/8.3.0/include-fixed -isystem /nix/store/4a2146gp8qxx1lcmb4lly3gi7jdlx3fj-gnumake-4.2.1/include -isystem /nix/store/0jnahzv857adfla66v60d8mwkndr0cxb-gdb-8.3.1/include -isystem /nix/store/54422mxw7x5wlay6qf238s0lmrp4akm7-boost-1.67.0-dev/include -isystem /nix/store/4a2146gp8qxx1lcmb4lly3gi7jdlx3fj-gnumake-4.2.1/include -isystem /nix/store/0jnahzv857adfla66v60d8mwkndr0cxb-gdb-8.3.1/include -isystem /nix/store/54422mxw7x5wlay6qf238s0lmrp4akm7-boost-1.67.0-dev/include -isystem /nix/store/4a2146gp8qxx1lcmb4lly3gi7jdlx3fj-gnumake-4.2.1/include -isystem /nix/store/0jnahzv857adfla66v60d8mwkndr0cxb-gdb-8.3.1/include -isystem /nix/store/54422mxw7x5wlay6qf238s0lmrp4akm7-boost-1.67.0-dev/include /nix/store/glij0xdclaxpnqqfqp56a1yp494lsgp6-cmake-3.15.4/share/cmake-3.15/Modules/CMakeCXXCompilerABI.cpp -quiet -dumpbase CMakeCXXCompilerABI.cpp -mtune=generic -march=x86-64 -auxbase-strip CMakeFiles/cmTC_ec6b5.dir/CMakeCXXCompilerABI.cpp.o -O2 -Wformat=1 -Wformat-security -Werror=format-security -version -fstack-protector-strong -fno-strict-overflow -fPIC --param ssp-buffer-size=4 -o /run/user/1000/ccOyDq4E.s
GNU C++14 (GCC) version 8.3.0 (x86_64-unknown-linux-gnu)
	compiled by GNU C version 8.3.0, GMP version 6.1.2, MPFR version 4.0.2, MPC version 1.1.0, isl version isl-0.17.1-GMP

GGC heuristics: --param ggc-min-expand=100 --param ggc-min-heapsize=131072
ignoring duplicate directory "/nix/store/4a2146gp8qxx1lcmb4lly3gi7jdlx3fj-gnumake-4.2.1/include"
ignoring duplicate directory "/nix/store/0jnahzv857adfla66v60d8mwkndr0cxb-gdb-8.3.1/include"
ignoring duplicate directory "/nix/store/54422mxw7x5wlay6qf238s0lmrp4akm7-boost-1.67.0-dev/include"
ignoring duplicate directory "/nix/store/4a2146gp8qxx1lcmb4lly3gi7jdlx3fj-gnumake-4.2.1/include"
ignoring duplicate directory "/nix/store/0jnahzv857adfla66v60d8mwkndr0cxb-gdb-8.3.1/include"
ignoring duplicate directory "/nix/store/54422mxw7x5wlay6qf238s0lmrp4akm7-boost-1.67.0-dev/include"
ignoring nonexistent directory "/nix/store/nrisqq65br52ys4w6nly7vkjb2j10yy4-gcc-8.3.0/lib/gcc/x86_64-unknown-linux-gnu/8.3.0/../../../../x86_64-unknown-linux-gnu/include"
ignoring duplicate directory "/nix/store/4a8wp97g0ddhjwx573k30x4fqzvkfn67-glibc-2.27-dev/include"
ignoring duplicate directory "/nix/store/nrisqq65br52ys4w6nly7vkjb2j10yy4-gcc-8.3.0/lib/gcc/x86_64-unknown-linux-gnu/8.3.0/include-fixed"
#include "..." search starts here:
#include <...> search starts here:
 /nix/store/4a2146gp8qxx1lcmb4lly3gi7jdlx3fj-gnumake-4.2.1/include
 /nix/store/0jnahzv857adfla66v60d8mwkndr0cxb-gdb-8.3.1/include
 /nix/store/54422mxw7x5wlay6qf238s0lmrp4akm7-boost-1.67.0-dev/include
 /nix/store/nrisqq65br52ys4w6nly7vkjb2j10yy4-gcc-8.3.0/lib/gcc/x86_64-unknown-linux-gnu/8.3.0/../../../../include/c++/8.3.0
 /nix/store/nrisqq65br52ys4w6nly7vkjb2j10yy4-gcc-8.3.0/lib/gcc/x86_64-unknown-linux-gnu/8.3.0/../../../../include/c++/8.3.0/x86_64-unknown-linux-gnu
 /nix/store/nrisqq65br52ys4w6nly7vkjb2j10yy4-gcc-8.3.0/lib/gcc/x86_64-unknown-linux-gnu/8.3.0/../../../../include/c++/8.3.0/backward
 /nix/store/nrisqq65br52ys4w6nly7vkjb2j10yy4-gcc-8.3.0/lib/gcc/x86_64-unknown-linux-gnu/8.3.0/include
 /nix/store/nrisqq65br52ys4w6nly7vkjb2j10yy4-gcc-8.3.0/include
 /nix/store/nrisqq65br52ys4w6nly7vkjb2j10yy4-gcc-8.3.0/lib/gcc/x86_64-unknown-linux-gnu/8.3.0/include-fixed
 /nix/store/4a8wp97g0ddhjwx573k30x4fqzvkfn67-glibc-2.27-dev/include
End of search list.
GNU C++14 (GCC) version 8.3.0 (x86_64-unknown-linux-gnu)
	compiled by GNU C version 8.3.0, GMP version 6.1.2, MPFR version 4.0.2, MPC version 1.1.0, isl version isl-0.17.1-GMP

GGC heuristics: --param ggc-min-expand=100 --param ggc-min-heapsize=131072
Compiler executable checksum: 3343100110480a3b86e1c417bfbc3e53
COLLECT_GCC_OPTIONS='-O2' '-D' '_FORTIFY_SOURCE=2' '-fstack-protector-strong' '--param' 'ssp-buffer-size=4' '-fno-strict-overflow' '-Wformat=1' '-Wformat-security' '-Werror=format-security' '-fPIC' '-v' '-o' 'CMakeFiles/cmTC_ec6b5.dir/CMakeCXXCompilerABI.cpp.o' '-c' '-B' '/nix/store/1220kf6lvlswh677wvizp9p51c6rcp3x-gcc-8.3.0-lib/lib' '-B' '/nix/store/qb6k4hp7gk331x9fydw0w7qj4dv09bwz-glibc-2.27/lib/' '-idirafter' '/nix/store/4a8wp97g0ddhjwx573k30x4fqzvkfn67-glibc-2.27-dev/include' '-idirafter' '/nix/store/nrisqq65br52ys4w6nly7vkjb2j10yy4-gcc-8.3.0/lib/gcc/x86_64-unknown-linux-gnu/8.3.0/include-fixed' '-B' '/nix/store/65dk7wwwkn9cgim39k7p3823qdrqy8py-gcc-wrapper-8.3.0/bin/' '-isystem' '/nix/store/4a2146gp8qxx1lcmb4lly3gi7jdlx3fj-gnumake-4.2.1/include' '-isystem' '/nix/store/0jnahzv857adfla66v60d8mwkndr0cxb-gdb-8.3.1/include' '-isystem' '/nix/store/54422mxw7x5wlay6qf238s0lmrp4akm7-boost-1.67.0-dev/include' '-isystem' '/nix/store/4a2146gp8qxx1lcmb4lly3gi7jdlx3fj-gnumake-4.2.1/include' '-isystem' '/nix/store/0jnahzv857adfla66v60d8mwkndr0cxb-gdb-8.3.1/include' '-isystem' '/nix/store/54422mxw7x5wlay6qf238s0lmrp4akm7-boost-1.67.0-dev/include' '-isystem' '/nix/store/4a2146gp8qxx1lcmb4lly3gi7jdlx3fj-gnumake-4.2.1/include' '-isystem' '/nix/store/0jnahzv857adfla66v60d8mwkndr0cxb-gdb-8.3.1/include' '-isystem' '/nix/store/54422mxw7x5wlay6qf238s0lmrp4akm7-boost-1.67.0-dev/include' '-shared-libgcc' '-mtune=generic' '-march=x86-64'
 /nix/store/65dk7wwwkn9cgim39k7p3823qdrqy8py-gcc-wrapper-8.3.0/bin/as -v --64 -o CMakeFiles/cmTC_ec6b5.dir/CMakeCXXCompilerABI.cpp.o /run/user/1000/ccOyDq4E.s
GNU assembler version 2.31.1 (x86_64-unknown-linux-gnu) using BFD version (GNU Binutils) 2.31.1
COMPILER_PATH=/nix/store/1220kf6lvlswh677wvizp9p51c6rcp3x-gcc-8.3.0-lib/lib/:/nix/store/qb6k4hp7gk331x9fydw0w7qj4dv09bwz-glibc-2.27/lib/:/nix/store/65dk7wwwkn9cgim39k7p3823qdrqy8py-gcc-wrapper-8.3.0/bin/:/nix/store/nrisqq65br52ys4w6nly7vkjb2j10yy4-gcc-8.3.0/libexec/gcc/x86_64-unknown-linux-gnu/8.3.0/:/nix/store/nrisqq65br52ys4w6nly7vkjb2j10yy4-gcc-8.3.0/libexec/gcc/x86_64-unknown-linux-gnu/8.3.0/:/nix/store/nrisqq65br52ys4w6nly7vkjb2j10yy4-gcc-8.3.0/libexec/gcc/x86_64-unknown-linux-gnu/:/nix/store/nrisqq65br52ys4w6nly7vkjb2j10yy4-gcc-8.3.0/lib/gcc/x86_64-unknown-linux-gnu/8.3.0/:/nix/store/nrisqq65br52ys4w6nly7vkjb2j10yy4-gcc-8.3.0/lib/gcc/x86_64-unknown-linux-gnu/
LIBRARY_PATH=/nix/store/1220kf6lvlswh677wvizp9p51c6rcp3x-gcc-8.3.0-lib/lib/:/nix/store/qb6k4hp7gk331x9fydw0w7qj4dv09bwz-glibc-2.27/lib/:/nix/store/65dk7wwwkn9cgim39k7p3823qdrqy8py-gcc-wrapper-8.3.0/bin/:/nix/store/nrisqq65br52ys4w6nly7vkjb2j10yy4-gcc-8.3.0/lib/gcc/x86_64-unknown-linux-gnu/8.3.0/:/nix/store/nrisqq65br52ys4w6nly7vkjb2j10yy4-gcc-8.3.0/lib/gcc/x86_64-unknown-linux-gnu/8.3.0/../../../../lib64/:/nix/store/nrisqq65br52ys4w6nly7vkjb2j10yy4-gcc-8.3.0/lib/gcc/x86_64-unknown-linux-gnu/8.3.0/../../../
COLLECT_GCC_OPTIONS='-O2' '-D' '_FORTIFY_SOURCE=2' '-fstack-protector-strong' '--param' 'ssp-buffer-size=4' '-fno-strict-overflow' '-Wformat=1' '-Wformat-security' '-Werror=format-security' '-fPIC' '-v' '-o' 'CMakeFiles/cmTC_ec6b5.dir/CMakeCXXCompilerABI.cpp.o' '-c' '-B' '/nix/store/1220kf6lvlswh677wvizp9p51c6rcp3x-gcc-8.3.0-lib/lib' '-B' '/nix/store/qb6k4hp7gk331x9fydw0w7qj4dv09bwz-glibc-2.27/lib/' '-idirafter' '/nix/store/4a8wp97g0ddhjwx573k30x4fqzvkfn67-glibc-2.27-dev/include' '-idirafter' '/nix/store/nrisqq65br52ys4w6nly7vkjb2j10yy4-gcc-8.3.0/lib/gcc/x86_64-unknown-linux-gnu/8.3.0/include-fixed' '-B' '/nix/store/65dk7wwwkn9cgim39k7p3823qdrqy8py-gcc-wrapper-8.3.0/bin/' '-isystem' '/nix/store/4a2146gp8qxx1lcmb4lly3gi7jdlx3fj-gnumake-4.2.1/include' '-isystem' '/nix/store/0jnahzv857adfla66v60d8mwkndr0cxb-gdb-8.3.1/include' '-isystem' '/nix/store/54422mxw7x5wlay6qf238s0lmrp4akm7-boost-1.67.0-dev/include' '-isystem' '/nix/store/4a2146gp8qxx1lcmb4lly3gi7jdlx3fj-gnumake-4.2.1/include' '-isystem' '/nix/store/0jnahzv857adfla66v60d8mwkndr0cxb-gdb-8.3.1/include' '-isystem' '/nix/store/54422mxw7x5wlay6qf238s0lmrp4akm7-boost-1.67.0-dev/include' '-isystem' '/nix/store/4a2146gp8qxx1lcmb4lly3gi7jdlx3fj-gnumake-4.2.1/include' '-isystem' '/nix/store/0jnahzv857adfla66v60d8mwkndr0cxb-gdb-8.3.1/include' '-isystem' '/nix/store/54422mxw7x5wlay6qf238s0lmrp4akm7-boost-1.67.0-dev/include' '-shared-libgcc' '-mtune=generic' '-march=x86-64'
Linking CXX executable cmTC_ec6b5
/nix/store/glij0xdclaxpnqqfqp56a1yp494lsgp6-cmake-3.15.4/bin/cmake -E cmake_link_script CMakeFiles/cmTC_ec6b5.dir/link.txt --verbose=1
/nix/store/65dk7wwwkn9cgim39k7p3823qdrqy8py-gcc-wrapper-8.3.0/bin/g++      -v CMakeFiles/cmTC_ec6b5.dir/CMakeCXXCompilerABI.cpp.o  -o cmTC_ec6b5 
Using built-in specs.
COLLECT_GCC=/nix/store/nrisqq65br52ys4w6nly7vkjb2j10yy4-gcc-8.3.0/bin/g++
COLLECT_LTO_WRAPPER=/nix/store/nrisqq65br52ys4w6nly7vkjb2j10yy4-gcc-8.3.0/libexec/gcc/x86_64-unknown-linux-gnu/8.3.0/lto-wrapper
Target: x86_64-unknown-linux-gnu
Configured with: 
Thread model: posix
gcc version 8.3.0 (GCC) 
COMPILER_PATH=/nix/store/1220kf6lvlswh677wvizp9p51c6rcp3x-gcc-8.3.0-lib/lib/:/nix/store/qb6k4hp7gk331x9fydw0w7qj4dv09bwz-glibc-2.27/lib/:/nix/store/65dk7wwwkn9cgim39k7p3823qdrqy8py-gcc-wrapper-8.3.0/bin/:/nix/store/nrisqq65br52ys4w6nly7vkjb2j10yy4-gcc-8.3.0/libexec/gcc/x86_64-unknown-linux-gnu/8.3.0/:/nix/store/nrisqq65br52ys4w6nly7vkjb2j10yy4-gcc-8.3.0/libexec/gcc/x86_64-unknown-linux-gnu/8.3.0/:/nix/store/nrisqq65br52ys4w6nly7vkjb2j10yy4-gcc-8.3.0/libexec/gcc/x86_64-unknown-linux-gnu/:/nix/store/nrisqq65br52ys4w6nly7vkjb2j10yy4-gcc-8.3.0/lib/gcc/x86_64-unknown-linux-gnu/8.3.0/:/nix/store/nrisqq65br52ys4w6nly7vkjb2j10yy4-gcc-8.3.0/lib/gcc/x86_64-unknown-linux-gnu/
LIBRARY_PATH=/nix/store/1220kf6lvlswh677wvizp9p51c6rcp3x-gcc-8.3.0-lib/lib/:/nix/store/qb6k4hp7gk331x9fydw0w7qj4dv09bwz-glibc-2.27/lib/:/nix/store/65dk7wwwkn9cgim39k7p3823qdrqy8py-gcc-wrapper-8.3.0/bin/:/nix/store/nrisqq65br52ys4w6nly7vkjb2j10yy4-gcc-8.3.0/lib/gcc/x86_64-unknown-linux-gnu/8.3.0/:/nix/store/nrisqq65br52ys4w6nly7vkjb2j10yy4-gcc-8.3.0/lib/gcc/x86_64-unknown-linux-gnu/8.3.0/../../../../lib64/:/nix/store/nrisqq65br52ys4w6nly7vkjb2j10yy4-gcc-8.3.0/lib/gcc/x86_64-unknown-linux-gnu/8.3.0/../../../
COLLECT_GCC_OPTIONS='-O2' '-D' '_FORTIFY_SOURCE=2' '-fstack-protector-strong' '--param' 'ssp-buffer-size=4' '-fno-strict-overflow' '-Wformat=1' '-Wformat-security' '-Werror=format-security' '-fPIC' '-v' '-o' 'cmTC_ec6b5' '-B' '/nix/store/1220kf6lvlswh677wvizp9p51c6rcp3x-gcc-8.3.0-lib/lib' '-B' '/nix/store/qb6k4hp7gk331x9fydw0w7qj4dv09bwz-glibc-2.27/lib/' '-idirafter' '/nix/store/4a8wp97g0ddhjwx573k30x4fqzvkfn67-glibc-2.27-dev/include' '-idirafter' '/nix/store/nrisqq65br52ys4w6nly7vkjb2j10yy4-gcc-8.3.0/lib/gcc/x86_64-unknown-linux-gnu/8.3.0/include-fixed' '-B' '/nix/store/65dk7wwwkn9cgim39k7p3823qdrqy8py-gcc-wrapper-8.3.0/bin/' '-isystem' '/nix/store/4a2146gp8qxx1lcmb4lly3gi7jdlx3fj-gnumake-4.2.1/include' '-isystem' '/nix/store/0jnahzv857adfla66v60d8mwkndr0cxb-gdb-8.3.1/include' '-isystem' '/nix/store/54422mxw7x5wlay6qf238s0lmrp4akm7-boost-1.67.0-dev/include' '-isystem' '/nix/store/4a2146gp8qxx1lcmb4lly3gi7jdlx3fj-gnumake-4.2.1/include' '-isystem' '/nix/store/0jnahzv857adfla66v60d8mwkndr0cxb-gdb-8.3.1/include' '-isystem' '/nix/store/54422mxw7x5wlay6qf238s0lmrp4akm7-boost-1.67.0-dev/include' '-isystem' '/nix/store/4a2146gp8qxx1lcmb4lly3gi7jdlx3fj-gnumake-4.2.1/include' '-isystem' '/nix/store/0jnahzv857adfla66v60d8mwkndr0cxb-gdb-8.3.1/include' '-isystem' '/nix/store/54422mxw7x5wlay6qf238s0lmrp4akm7-boost-1.67.0-dev/include' '-L/nix/store/0jnahzv857adfla66v60d8mwkndr0cxb-gdb-8.3.1/lib' '-L/nix/store/zg0r279wslh25h9ghf9r8l6g29x3b0c9-boost-1.67.0/lib' '-L/nix/store/0jnahzv857adfla66v60d8mwkndr0cxb-gdb-8.3.1/lib' '-L/nix/store/zg0r279wslh25h9ghf9r8l6g29x3b0c9-boost-1.67.0/lib' '-L/nix/store/0jnahzv857adfla66v60d8mwkndr0cxb-gdb-8.3.1/lib' '-L/nix/store/zg0r279wslh25h9ghf9r8l6g29x3b0c9-boost-1.67.0/lib' '-L/nix/store/qb6k4hp7gk331x9fydw0w7qj4dv09bwz-glibc-2.27/lib' '-L/nix/store/1220kf6lvlswh677wvizp9p51c6rcp3x-gcc-8.3.0-lib/lib' '-shared-libgcc' '-mtune=generic' '-march=x86-64'
 /nix/store/nrisqq65br52ys4w6nly7vkjb2j10yy4-gcc-8.3.0/libexec/gcc/x86_64-unknown-linux-gnu/8.3.0/collect2 -plugin /nix/store/nrisqq65br52ys4w6nly7vkjb2j10yy4-gcc-8.3.0/libexec/gcc/x86_64-unknown-linux-gnu/8.3.0/liblto_plugin.so -plugin-opt=/nix/store/nrisqq65br52ys4w6nly7vkjb2j10yy4-gcc-8.3.0/libexec/gcc/x86_64-unknown-linux-gnu/8.3.0/lto-wrapper -plugin-opt=-fresolution=/run/user/1000/ccSowmUI.res -plugin-opt=-pass-through=-lgcc_s -plugin-opt=-pass-through=-lgcc -plugin-opt=-pass-through=-lc -plugin-opt=-pass-through=-lgcc_s -plugin-opt=-pass-through=-lgcc --eh-frame-hdr -m elf_x86_64 -dynamic-linker /nix/store/qb6k4hp7gk331x9fydw0w7qj4dv09bwz-glibc-2.27/lib64/ld-linux-x86-64.so.2 -o cmTC_ec6b5 /nix/store/qb6k4hp7gk331x9fydw0w7qj4dv09bwz-glibc-2.27/lib/crt1.o /nix/store/qb6k4hp7gk331x9fydw0w7qj4dv09bwz-glibc-2.27/lib/crti.o /nix/store/nrisqq65br52ys4w6nly7vkjb2j10yy4-gcc-8.3.0/lib/gcc/x86_64-unknown-linux-gnu/8.3.0/crtbegin.o -L/nix/store/0jnahzv857adfla66v60d8mwkndr0cxb-gdb-8.3.1/lib -L/nix/store/zg0r279wslh25h9ghf9r8l6g29x3b0c9-boost-1.67.0/lib -L/nix/store/0jnahzv857adfla66v60d8mwkndr0cxb-gdb-8.3.1/lib -L/nix/store/zg0r279wslh25h9ghf9r8l6g29x3b0c9-boost-1.67.0/lib -L/nix/store/0jnahzv857adfla66v60d8mwkndr0cxb-gdb-8.3.1/lib -L/nix/store/zg0r279wslh25h9ghf9r8l6g29x3b0c9-boost-1.67.0/lib -L/nix/store/qb6k4hp7gk331x9fydw0w7qj4dv09bwz-glibc-2.27/lib -L/nix/store/1220kf6lvlswh677wvizp9p51c6rcp3x-gcc-8.3.0-lib/lib -L/nix/store/1220kf6lvlswh677wvizp9p51c6rcp3x-gcc-8.3.0-lib/lib -L/nix/store/qb6k4hp7gk331x9fydw0w7qj4dv09bwz-glibc-2.27/lib -L/nix/store/65dk7wwwkn9cgim39k7p3823qdrqy8py-gcc-wrapper-8.3.0/bin -L/nix/store/nrisqq65br52ys4w6nly7vkjb2j10yy4-gcc-8.3.0/lib/gcc/x86_64-unknown-linux-gnu/8.3.0 -L/nix/store/nrisqq65br52ys4w6nly7vkjb2j10yy4-gcc-8.3.0/lib/gcc/x86_64-unknown-linux-gnu/8.3.0/../../../../lib64 -L/nix/store/nrisqq65br52ys4w6nly7vkjb2j10yy4-gcc-8.3.0/lib/gcc/x86_64-unknown-linux-gnu/8.3.0/../../.. -dynamic-linker /nix/store/qb6k4hp7gk331x9fydw0w7qj4dv09bwz-glibc-2.27/lib/ld-linux-x86-64.so.2 CMakeFiles/cmTC_ec6b5.dir/CMakeCXXCompilerABI.cpp.o -rpath /nix/store/gvsgmax217k1ibc5kkwglldn1dw3sahh-adventofcode/lib64 -rpath /nix/store/gvsgmax217k1ibc5kkwglldn1dw3sahh-adventofcode/lib -lstdc++ -lm -lgcc_s -lgcc -lc -lgcc_s -lgcc /nix/store/nrisqq65br52ys4w6nly7vkjb2j10yy4-gcc-8.3.0/lib/gcc/x86_64-unknown-linux-gnu/8.3.0/crtend.o /nix/store/qb6k4hp7gk331x9fydw0w7qj4dv09bwz-glibc-2.27/lib/crtn.o
COLLECT_GCC_OPTIONS='-O2' '-D' '_FORTIFY_SOURCE=2' '-fstack-protector-strong' '--param' 'ssp-buffer-size=4' '-fno-strict-overflow' '-Wformat=1' '-Wformat-security' '-Werror=format-security' '-fPIC' '-v' '-o' 'cmTC_ec6b5' '-B' '/nix/store/1220kf6lvlswh677wvizp9p51c6rcp3x-gcc-8.3.0-lib/lib' '-B' '/nix/store/qb6k4hp7gk331x9fydw0w7qj4dv09bwz-glibc-2.27/lib/' '-idirafter' '/nix/store/4a8wp97g0ddhjwx573k30x4fqzvkfn67-glibc-2.27-dev/include' '-idirafter' '/nix/store/nrisqq65br52ys4w6nly7vkjb2j10yy4-gcc-8.3.0/lib/gcc/x86_64-unknown-linux-gnu/8.3.0/include-fixed' '-B' '/nix/store/65dk7wwwkn9cgim39k7p3823qdrqy8py-gcc-wrapper-8.3.0/bin/' '-isystem' '/nix/store/4a2146gp8qxx1lcmb4lly3gi7jdlx3fj-gnumake-4.2.1/include' '-isystem' '/nix/store/0jnahzv857adfla66v60d8mwkndr0cxb-gdb-8.3.1/include' '-isystem' '/nix/store/54422mxw7x5wlay6qf238s0lmrp4akm7-boost-1.67.0-dev/include' '-isystem' '/nix/store/4a2146gp8qxx1lcmb4lly3gi7jdlx3fj-gnumake-4.2.1/include' '-isystem' '/nix/store/0jnahzv857adfla66v60d8mwkndr0cxb-gdb-8.3.1/include' '-isystem' '/nix/store/54422mxw7x5wlay6qf238s0lmrp4akm7-boost-1.67.0-dev/include' '-isystem' '/nix/store/4a2146gp8qxx1lcmb4lly3gi7jdlx3fj-gnumake-4.2.1/include' '-isystem' '/nix/store/0jnahzv857adfla66v60d8mwkndr0cxb-gdb-8.3.1/include' '-isystem' '/nix/store/54422mxw7x5wlay6qf238s0lmrp4akm7-boost-1.67.0-dev/include' '-L/nix/store/0jnahzv857adfla66v60d8mwkndr0cxb-gdb-8.3.1/lib' '-L/nix/store/zg0r279wslh25h9ghf9r8l6g29x3b0c9-boost-1.67.0/lib' '-L/nix/store/0jnahzv857adfla66v60d8mwkndr0cxb-gdb-8.3.1/lib' '-L/nix/store/zg0r279wslh25h9ghf9r8l6g29x3b0c9-boost-1.67.0/lib' '-L/nix/store/0jnahzv857adfla66v60d8mwkndr0cxb-gdb-8.3.1/lib' '-L/nix/store/zg0r279wslh25h9ghf9r8l6g29x3b0c9-boost-1.67.0/lib' '-L/nix/store/qb6k4hp7gk331x9fydw0w7qj4dv09bwz-glibc-2.27/lib' '-L/nix/store/1220kf6lvlswh677wvizp9p51c6rcp3x-gcc-8.3.0-lib/lib' '-shared-libgcc' '-mtune=generic' '-march=x86-64'
make[1]: Leaving directory '/home/starji/projects/AdventOfCode/2019/day21/CMakeFiles/CMakeTmp'



Parsed CXX implicit include dir info from above output: rv=done
  found start of include info
  found start of implicit include info
    add: [/nix/store/4a2146gp8qxx1lcmb4lly3gi7jdlx3fj-gnumake-4.2.1/include]
    add: [/nix/store/0jnahzv857adfla66v60d8mwkndr0cxb-gdb-8.3.1/include]
    add: [/nix/store/54422mxw7x5wlay6qf238s0lmrp4akm7-boost-1.67.0-dev/include]
    add: [/nix/store/nrisqq65br52ys4w6nly7vkjb2j10yy4-gcc-8.3.0/lib/gcc/x86_64-unknown-linux-gnu/8.3.0/../../../../include/c++/8.3.0]
    add: [/nix/store/nrisqq65br52ys4w6nly7vkjb2j10yy4-gcc-8.3.0/lib/gcc/x86_64-unknown-linux-gnu/8.3.0/../../../../include/c++/8.3.0/x86_64-unknown-linux-gnu]
    add: [/nix/store/nrisqq65br52ys4w6nly7vkjb2j10yy4-gcc-8.3.0/lib/gcc/x86_64-unknown-linux-gnu/8.3.0/../../../../include/c++/8.3.0/backward]
    add: [/nix/store/nrisqq65br52ys4w6nly7vkjb2j10yy4-gcc-8.3.0/lib/gcc/x86_64-unknown-linux-gnu/8.3.0/include]
    add: [/nix/store/nrisqq65br52ys4w6nly7vkjb2j10yy4-gcc-8.3.0/include]
    add: [/nix/store/nrisqq65br52ys4w6nly7vkjb2j10yy4-gcc-8.3.0/lib/gcc/x86_64-unknown-linux-gnu/8.3.0/include-fixed]
    add: [/nix/store/4a8wp97g0ddhjwx573k30x4fqzvkfn67-glibc-2.27-dev/include]
  end of search list found
  collapse include dir [/nix/store/4a2146gp8qxx1lcmb4lly3gi7jdlx3fj-gnumake-4.2.1/include] ==> [/nix/store/4a2146gp8qxx1lcmb4lly3gi7jdlx3fj-gnumake-4.2.1/include]
  collapse include dir [/nix/store/0jnahzv857adfla66v60d8mwkndr0cxb-gdb-8.3.1/include] ==> [/nix/store/0jnahzv857adfla66v60d8mwkndr0cxb-gdb-8.3.1/include]
  collapse include dir [/nix/store/54422mxw7x5wlay6qf238s0lmrp4akm7-boost-1.67.0-dev/include] ==> [/nix/store/54422mxw7x5wlay6qf238s0lmrp4akm7-boost-1.67.0-dev/include]
  collapse include dir [/nix/store/nrisqq65br52ys4w6nly7vkjb2j10yy4-gcc-8.3.0/lib/gcc/x86_64-unknown-linux-gnu/8.3.0/../../../../include/c++/8.3.0] ==> [/nix/store/nrisqq65br52ys4w6nly7vkjb2j10yy4-gcc-8.3.0/include/c++/8.3.0]
  collapse include dir [/nix/store/nrisqq65br52ys4w6nly7vkjb2j10yy4-gcc-8.3.0/lib/gcc/x86_64-unknown-linux-gnu/8.3.0/../../../../include/c++/8.3.0/x86_64-unknown-linux-gnu] ==> [/nix/store/nrisqq65br52ys4w6nly7vkjb2j10yy4-gcc-8.3.0/include/c++/8.3.0/x86_64-unknown-linux-gnu]
  collapse include dir [/nix/store/nrisqq65br52ys4w6nly7vkjb2j10yy4-gcc-8.3.0/lib/gcc/x86_64-unknown-linux-gnu/8.3.0/../../../../include/c++/8.3.0/backward] ==> [/nix/store/nrisqq65br52ys4w6nly7vkjb2j10yy4-gcc-8.3.0/include/c++/8.3.0/backward]
  collapse include dir [/nix/store/nrisqq65br52ys4w6nly7vkjb2j10yy4-gcc-8.3.0/lib/gcc/x86_64-unknown-linux-gnu/8.3.0/include] ==> [/nix/store/nrisqq65br52ys4w6nly7vkjb2j10yy4-gcc-8.3.0/lib/gcc/x86_64-unknown-linux-gnu/8.3.0/include]
  collapse include dir [/nix/store/nrisqq65br52ys4w6nly7vkjb2j10yy4-gcc-8.3.0/include] ==> [/nix/store/nrisqq65br52ys4w6nly7vkjb2j10yy4-gcc-8.3.0/include]
  collapse include dir [/nix/store/nrisqq65br52ys4w6nly7vkjb2j10yy4-gcc-8.3.0/lib/gcc/x86_64-unknown-linux-gnu/8.3.0/include-fixed] ==> [/nix/store/nrisqq65br52ys4w6nly7vkjb2j10yy4-gcc-8.3.0/lib/gcc/x86_64-unknown-linux-gnu/8.3.0/include-fixed]
  collapse include dir [/nix/store/4a8wp97g0ddhjwx573k30x4fqzvkfn67-glibc-2.27-dev/include] ==> [/nix/store/4a8wp97g0ddhjwx573k30x4fqzvkfn67-glibc-2.27-dev/include]
  implicit include dirs: [/nix/store/4a2146gp8qxx1lcmb4lly3gi7jdlx3fj-gnumake-4.2.1/include;/nix/store/0jnahzv857adfla66v60d8mwkndr0cxb-gdb-8.3.1/include;/nix/store/54422mxw7x5wlay6qf238s0lmrp4akm7-boost-1.67.0-dev/include;/nix/store/nrisqq65br52ys4w6nly7vkjb2j10yy4-gcc-8.3.0/include/c++/8.3.0;/nix/store/nrisqq65br52ys4w6nly7vkjb2j10yy4-gcc-8.3.0/include/c++/8.3.0/x86_64-unknown-linux-gnu;/nix/store/nrisqq65br52ys4w6nly7vkjb2j10yy4-gcc-8.3.0/include/c++/8.3.0/backward;/nix/store/nrisqq65br52ys4w6nly7vkjb2j10yy4-gcc-8.3.0/lib/gcc/x86_64-unknown-linux-gnu/8.3.0/include;/nix/store/nrisqq65br52ys4w6nly7vkjb2j10yy4-gcc-8.3.0/include;/nix/store/nrisqq65br52ys4w6nly7vkjb2j10yy4-gcc-8.3.0/lib/gcc/x86_64-unknown-linux-gnu/8.3.0/include-fixed;/nix/store/4a8wp97g0ddhjwx573k30x4fqzvkfn67-glibc-2.27-dev/include]


Parsed CXX implicit link information from above output:
  link line regex: [^( *|.*[/\])(ld|CMAKE_LINK_STARTFILE-NOTFOUND|([^/\]+-)?ld|collect2)[^/\]*( |$)]
  ignore line: [Change Dir: /home/starji/projects/AdventOfCode/2019/day21/CMakeFiles/CMakeTmp]
  ignore line: []
  ignore line: [Run Build Command(s):/nix/store/4a2146gp8qxx1lcmb4lly3gi7jdlx3fj-gnumake-4.2.1/bin/make cmTC_ec6b5/fast && /nix/store/4a2146gp8qxx1lcmb4lly3gi7jdlx3fj-gnumake-4.2.1/bin/make -f CMakeFiles/cmTC_ec6b5.dir/build.make CMakeFiles/cmTC_ec6b5.dir/build]
  ignore line: [make[1]: Entering directory '/home/starji/projects/AdventOfCode/2019/day21/CMakeFiles/CMakeTmp']
  ignore line: [Building CXX object CMakeFiles/cmTC_ec6b5.dir/CMakeCXXCompilerABI.cpp.o]
  ignore line: [/nix/store/65dk7wwwkn9cgim39k7p3823qdrqy8py-gcc-wrapper-8.3.0/bin/g++    -v -o CMakeFiles/cmTC_ec6b5.dir/CMakeCXXCompilerABI.cpp.o -c /nix/store/glij0xdclaxpnqqfqp56a1yp494lsgp6-cmake-3.15.4/share/cmake-3.15/Modules/CMakeCXXCompilerABI.cpp]
  ignore line: [Using built-in specs.]
  ignore line: [COLLECT_GCC=/nix/store/nrisqq65br52ys4w6nly7vkjb2j10yy4-gcc-8.3.0/bin/g++]
  ignore line: [Target: x86_64-unknown-linux-gnu]
  ignore line: [Configured with: ]
  ignore line: [Thread model: posix]
  ignore line: [gcc version 8.3.0 (GCC) ]
  ignore line: [COLLECT_GCC_OPTIONS='-O2' '-D' '_FORTIFY_SOURCE=2' '-fstack-protector-strong' '--param' 'ssp-buffer-size=4' '-fno-strict-overflow' '-Wformat=1' '-Wformat-security' '-Werror=format-security' '-fPIC' '-v' '-o' 'CMakeFiles/cmTC_ec6b5.dir/CMakeCXXCompilerABI.cpp.o' '-c' '-B' '/nix/store/1220kf6lvlswh677wvizp9p51c6rcp3x-gcc-8.3.0-lib/lib' '-B' '/nix/store/qb6k4hp7gk331x9fydw0w7qj4dv09bwz-glibc-2.27/lib/' '-idirafter' '/nix/store/4a8wp97g0ddhjwx573k30x4fqzvkfn67-glibc-2.27-dev/include' '-idirafter' '/nix/store/nrisqq65br52ys4w6nly7vkjb2j10yy4-gcc-8.3.0/lib/gcc/x86_64-unknown-linux-gnu/8.3.0/include-fixed' '-B' '/nix/store/65dk7wwwkn9cgim39k7p3823qdrqy8py-gcc-wrapper-8.3.0/bin/' '-isystem' '/nix/store/4a2146gp8qxx1lcmb4lly3gi7jdlx3fj-gnumake-4.2.1/include' '-isystem' '/nix/store/0jnahzv857adfla66v60d8mwkndr0cxb-gdb-8.3.1/include' '-isystem' '/nix/store/54422mxw7x5wlay6qf238s0lmrp4akm7-boost-1.67.0-dev/include' '-isystem' '/nix/store/4a2146gp8qxx1lcmb4lly3gi7jdlx3fj-gnumake-4.2.1/include' '-isystem' '/nix/store/0jnahzv857adfla66v60d8mwkndr0cxb-gdb-8.3.1/include' '-isystem' '/nix/store/54422mxw7x5wlay6qf238s0lmrp4akm7-boost-1.67.0-dev/include' '-isystem' '/nix/store/4a2146gp8qxx1lcmb4lly3gi7jdlx3fj-gnumake-4.2.1/include' '-isystem' '/nix/store/0jnahzv857adfla66v60d8mwkndr0cxb-gdb-8.3.1/include' '-isystem' '/nix/store/54422mxw7x5wlay6qf238s0lmrp4akm7-boost-1.67.0-dev/include' '-shared-libgcc' '-mtune=generic' '-march=x86-64']
  ignore line: [ /nix/store/nrisqq65br52ys4w6nly7vkjb2j10yy4-gcc-8.3.0/libexec/gcc/x86_64-unknown-linux-gnu/8.3.0/cc1plus -quiet -v -D_GNU_SOURCE -D _FORTIFY_SOURCE=2 -idirafter /nix/store/4a8wp97g0ddhjwx573k30x4fqzvkfn67-glibc-2.27-dev/include -idirafter /nix/store/nrisqq65br52ys4w6nly7vkjb2j10yy4-gcc-8.3.0/lib/gcc/x86_64-unknown-linux-gnu/8.3.0/include-fixed -isystem /nix/store/4a2146gp8qxx1lcmb4lly3gi7jdlx3fj-gnumake-4.2.1/include -isystem /nix/store/0jnahzv857adfla66v60d8mwkndr0cxb-gdb-8.3.1/include -isystem /nix/store/54422mxw7x5wlay6qf238s0lmrp4akm7-boost-1.67.0-dev/include -isystem /nix/store/4a2146gp8qxx1lcmb4lly3gi7jdlx3fj-gnumake-4.2.1/include -isystem /nix/store/0jnahzv857adfla66v60d8mwkndr0cxb-gdb-8.3.1/include -isystem /nix/store/54422mxw7x5wlay6qf238s0lmrp4akm7-boost-1.67.0-dev/include -isystem /nix/store/4a2146gp8qxx1lcmb4lly3gi7jdlx3fj-gnumake-4.2.1/include -isystem /nix/store/0jnahzv857adfla66v60d8mwkndr0cxb-gdb-8.3.1/include -isystem /nix/store/54422mxw7x5wlay6qf238s0lmrp4akm7-boost-1.67.0-dev/include /nix/store/glij0xdclaxpnqqfqp56a1yp494lsgp6-cmake-3.15.4/share/cmake-3.15/Modules/CMakeCXXCompilerABI.cpp -quiet -dumpbase CMakeCXXCompilerABI.cpp -mtune=generic -march=x86-64 -auxbase-strip CMakeFiles/cmTC_ec6b5.dir/CMakeCXXCompilerABI.cpp.o -O2 -Wformat=1 -Wformat-security -Werror=format-security -version -fstack-protector-strong -fno-strict-overflow -fPIC --param ssp-buffer-size=4 -o /run/user/1000/ccOyDq4E.s]
  ignore line: [GNU C++14 (GCC) version 8.3.0 (x86_64-unknown-linux-gnu)]
  ignore line: [	compiled by GNU C version 8.3.0, GMP version 6.1.2, MPFR version 4.0.2, MPC version 1.1.0, isl version isl-0.17.1-GMP]
  ignore line: []
  ignore line: [GGC heuristics: --param ggc-min-expand=100 --param ggc-min-heapsize=131072]
  ignore line: [ignoring duplicate directory "/nix/store/4a2146gp8qxx1lcmb4lly3gi7jdlx3fj-gnumake-4.2.1/include"]
  ignore line: [ignoring duplicate directory "/nix/store/0jnahzv857adfla66v60d8mwkndr0cxb-gdb-8.3.1/include"]
  ignore line: [ignoring duplicate directory "/nix/store/54422mxw7x5wlay6qf238s0lmrp4akm7-boost-1.67.0-dev/include"]
  ignore line: [ignoring duplicate directory "/nix/store/4a2146gp8qxx1lcmb4lly3gi7jdlx3fj-gnumake-4.2.1/include"]
  ignore line: [ignoring duplicate directory "/nix/store/0jnahzv857adfla66v60d8mwkndr0cxb-gdb-8.3.1/include"]
  ignore line: [ignoring duplicate directory "/nix/store/54422mxw7x5wlay6qf238s0lmrp4akm7-boost-1.67.0-dev/include"]
  ignore line: [ignoring nonexistent directory "/nix/store/nrisqq65br52ys4w6nly7vkjb2j10yy4-gcc-8.3.0/lib/gcc/x86_64-unknown-linux-gnu/8.3.0/../../../../x86_64-unknown-linux-gnu/include"]
  ignore line: [ignoring duplicate directory "/nix/store/4a8wp97g0ddhjwx573k30x4fqzvkfn67-glibc-2.27-dev/include"]
  ignore line: [ignoring duplicate directory "/nix/store/nrisqq65br52ys4w6nly7vkjb2j10yy4-gcc-8.3.0/lib/gcc/x86_64-unknown-linux-gnu/8.3.0/include-fixed"]
  ignore line: [#include "..." search starts here:]
  ignore line: [#include <...> search starts here:]
  ignore line: [ /nix/store/4a2146gp8qxx1lcmb4lly3gi7jdlx3fj-gnumake-4.2.1/include]
  ignore line: [ /nix/store/0jnahzv857adfla66v60d8mwkndr0cxb-gdb-8.3.1/include]
  ignore line: [ /nix/store/54422mxw7x5wlay6qf238s0lmrp4akm7-boost-1.67.0-dev/include]
  ignore line: [ /nix/store/nrisqq65br52ys4w6nly7vkjb2j10yy4-gcc-8.3.0/lib/gcc/x86_64-unknown-linux-gnu/8.3.0/../../../../include/c++/8.3.0]
  ignore line: [ /nix/store/nrisqq65br52ys4w6nly7vkjb2j10yy4-gcc-8.3.0/lib/gcc/x86_64-unknown-linux-gnu/8.3.0/../../../../include/c++/8.3.0/x86_64-unknown-linux-gnu]
  ignore line: [ /nix/store/nrisqq65br52ys4w6nly7vkjb2j10yy4-gcc-8.3.0/lib/gcc/x86_64-unknown-linux-gnu/8.3.0/../../../../include/c++/8.3.0/backward]
  ignore line: [ /nix/store/nrisqq65br52ys4w6nly7vkjb2j10yy4-gcc-8.3.0/lib/gcc/x86_64-unknown-linux-gnu/8.3.0/include]
  ignore line: [ /nix/store/nrisqq65br52ys4w6nly7vkjb2j10yy4-gcc-8.3.0/include]
  ignore line: [ /nix/store/nrisqq65br52ys4w6nly7vkjb2j10yy4-gcc-8.3.0/lib/gcc/x86_64-unknown-linux-gnu/8.3.0/include-fixed]
  ignore line: [ /nix/store/4a8wp97g0ddhjwx573k30x4fqzvkfn67-glibc-2.27-dev/include]
  ignore line: [End of search list.]
  ignore line: [GNU C++14 (GCC) version 8.3.0 (x86_64-unknown-linux-gnu)]
  ignore line: [	compiled by GNU C version 8.3.0, GMP version 6.1.2, MPFR version 4.0.2, MPC version 1.1.0, isl version isl-0.17.1-GMP]
  ignore line: []
  ignore line: [GGC heuristics: --param ggc-min-expand=100 --param ggc-min-heapsize=131072]
  ignore line: [Compiler executable checksum: 3343100110480a3b86e1c417bfbc3e53]
  ignore line: [COLLECT_GCC_OPTIONS='-O2' '-D' '_FORTIFY_SOURCE=2' '-fstack-protector-strong' '--param' 'ssp-buffer-size=4' '-fno-strict-overflow' '-Wformat=1' '-Wformat-security' '-Werror=format-security' '-fPIC' '-v' '-o' 'CMakeFiles/cmTC_ec6b5.dir/CMakeCXXCompilerABI.cpp.o' '-c' '-B' '/nix/store/1220kf6lvlswh677wvizp9p51c6rcp3x-gcc-8.3.0-lib/lib' '-B' '/nix/store/qb6k4hp7gk331x9fydw0w7qj4dv09bwz-glibc-2.27/lib/' '-idirafter' '/nix/store/4a8wp97g0ddhjwx573k30x4fqzvkfn67-glibc-2.27-dev/include' '-idirafter' '/nix/store/nrisqq65br52ys4w6nly7vkjb2j10yy4-gcc-8.3.0/lib/gcc/x86_64-unknown-linux-gnu/8.3.0/include-fixed' '-B' '/nix/store/65dk7wwwkn9cgim39k7p3823qdrqy8py-gcc-wrapper-8.3.0/bin/' '-isystem' '/nix/store/4a2146gp8qxx1lcmb4lly3gi7jdlx3fj-gnumake-4.2.1/include' '-isystem' '/nix/store/0jnahzv857adfla66v60d8mwkndr0cxb-gdb-8.3.1/include' '-isystem' '/nix/store/54422mxw7x5wlay6qf238s0lmrp4akm7-boost-1.67.0-dev/include' '-isystem' '/nix/store/4a2146gp8qxx1lcmb4lly3gi7jdlx3fj-gnumake-4.2.1/include' '-isystem' '/nix/store/0jnahzv857adfla66v60d8mwkndr0cxb-gdb-8.3.1/include' '-isystem' '/nix/store/54422mxw7x5wlay6qf238s0lmrp4akm7-boost-1.67.0-dev/include' '-isystem' '/nix/store/4a2146gp8qxx1lcmb4lly3gi7jdlx3fj-gnumake-4.2.1/include' '-isystem' '/nix/store/0jnahzv857adfla66v60d8mwkndr0cxb-gdb-8.3.1/include' '-isystem' '/nix/store/54422mxw7x5wlay6qf238s0lmrp4akm7-boost-1.67.0-dev/include' '-shared-libgcc' '-mtune=generic' '-march=x86-64']
  ignore line: [ /nix/store/65dk7wwwkn9cgim39k7p3823qdrqy8py-gcc-wrapper-8.3.0/bin/as -v --64 -o CMakeFiles/cmTC_ec6b5.dir/CMakeCXXCompilerABI.cpp.o /run/user/1000/ccOyDq4E.s]
  ignore line: [GNU assembler version 2.31.1 (x86_64-unknown-linux-gnu) using BFD version (GNU Binutils) 2.31.1]
  ignore line: [COMPILER_PATH=/nix/store/1220kf6lvlswh677wvizp9p51c6rcp3x-gcc-8.3.0-lib/lib/:/nix/store/qb6k4hp7gk331x9fydw0w7qj4dv09bwz-glibc-2.27/lib/:/nix/store/65dk7wwwkn9cgim39k7p3823qdrqy8py-gcc-wrapper-8.3.0/bin/:/nix/store/nrisqq65br52ys4w6nly7vkjb2j10yy4-gcc-8.3.0/libexec/gcc/x86_64-unknown-linux-gnu/8.3.0/:/nix/store/nrisqq65br52ys4w6nly7vkjb2j10yy4-gcc-8.3.0/libexec/gcc/x86_64-unknown-linux-gnu/8.3.0/:/nix/store/nrisqq65br52ys4w6nly7vkjb2j10yy4-gcc-8.3.0/libexec/gcc/x86_64-unknown-linux-gnu/:/nix/store/nrisqq65br52ys4w6nly7vkjb2j10yy4-gcc-8.3.0/lib/gcc/x86_64-unknown-linux-gnu/8.3.0/:/nix/store/nrisqq65br52ys4w6nly7vkjb2j10yy4-gcc-8.3.0/lib/gcc/x86_64-unknown-linux-gnu/]
  ignore line: [LIBRARY_PATH=/nix/store/1220kf6lvlswh677wvizp9p51c6rcp3x-gcc-8.3.0-lib/lib/:/nix/store/qb6k4hp7gk331x9fydw0w7qj4dv09bwz-glibc-2.27/lib/:/nix/store/65dk7wwwkn9cgim39k7p3823qdrqy8py-gcc-wrapper-8.3.0/bin/:/nix/store/nrisqq65br52ys4w6nly7vkjb2j10yy4-gcc-8.3.0/lib/gcc/x86_64-unknown-linux-gnu/8.3.0/:/nix/store/nrisqq65br52ys4w6nly7vkjb2j10yy4-gcc-8.3.0/lib/gcc/x86_64-unknown-linux-gnu/8.3.0/../../../../lib64/:/nix/store/nrisqq65br52ys4w6nly7vkjb2j10yy4-gcc-8.3.0/lib/gcc/x86_64-unknown-linux-gnu/8.3.0/../../../]
  ignore line: [COLLECT_GCC_OPTIONS='-O2' '-D' '_FORTIFY_SOURCE=2' '-fstack-protector-strong' '--param' 'ssp-buffer-size=4' '-fno-strict-overflow' '-Wformat=1' '-Wformat-security' '-Werror=format-security' '-fPIC' '-v' '-o' 'CMakeFiles/cmTC_ec6b5.dir/CMakeCXXCompilerABI.cpp.o' '-c' '-B' '/nix/store/1220kf6lvlswh677wvizp9p51c6rcp3x-gcc-8.3.0-lib/lib' '-B' '/nix/store/qb6k4hp7gk331x9fydw0w7qj4dv09bwz-glibc-2.27/lib/' '-idirafter' '/nix/store/4a8wp97g0ddhjwx573k30x4fqzvkfn67-glibc-2.27-dev/include' '-idirafter' '/nix/store/nrisqq65br52ys4w6nly7vkjb2j10yy4-gcc-8.3.0/lib/gcc/x86_64-unknown-linux-gnu/8.3.0/include-fixed' '-B' '/nix/store/65dk7wwwkn9cgim39k7p3823qdrqy8py-gcc-wrapper-8.3.0/bin/' '-isystem' '/nix/store/4a2146gp8qxx1lcmb4lly3gi7jdlx3fj-gnumake-4.2.1/include' '-isystem' '/nix/store/0jnahzv857adfla66v60d8mwkndr0cxb-gdb-8.3.1/include' '-isystem' '/nix/store/54422mxw7x5wlay6qf238s0lmrp4akm7-boost-1.67.0-dev/include' '-isystem' '/nix/store/4a2146gp8qxx1lcmb4lly3gi7jdlx3fj-gnumake-4.2.1/include' '-isystem' '/nix/store/0jnahzv857adfla66v60d8mwkndr0cxb-gdb-8.3.1/include' '-isystem' '/nix/store/54422mxw7x5wlay6qf238s0lmrp4akm7-boost-1.67.0-dev/include' '-isystem' '/nix/store/4a2146gp8qxx1lcmb4lly3gi7jdlx3fj-gnumake-4.2.1/include' '-isystem' '/nix/store/0jnahzv857adfla66v60d8mwkndr0cxb-gdb-8.3.1/include' '-isystem' '/nix/store/54422mxw7x5wlay6qf238s0lmrp4akm7-boost-1.67.0-dev/include' '-shared-libgcc' '-mtune=generic' '-march=x86-64']
  ignore line: [Linking CXX executable cmTC_ec6b5]
  ignore line: [/nix/store/glij0xdclaxpnqqfqp56a1yp494lsgp6-cmake-3.15.4/bin/cmake -E cmake_link_script CMakeFiles/cmTC_ec6b5.dir/link.txt --verbose=1]
  ignore line: [/nix/store/65dk7wwwkn9cgim39k7p3823qdrqy8py-gcc-wrapper-8.3.0/bin/g++      -v CMakeFiles/cmTC_ec6b5.dir/CMakeCXXCompilerABI.cpp.o  -o cmTC_ec6b5 ]
  ignore line: [Using built-in specs.]
  ignore line: [COLLECT_GCC=/nix/store/nrisqq65br52ys4w6nly7vkjb2j10yy4-gcc-8.3.0/bin/g++]
  ignore line: [COLLECT_LTO_WRAPPER=/nix/store/nrisqq65br52ys4w6nly7vkjb2j10yy4-gcc-8.3.0/libexec/gcc/x86_64-unknown-linux-gnu/8.3.0/lto-wrapper]
  ignore line: [Target: x86_64-unknown-linux-gnu]
  ignore line: [Configured with: ]
  ignore line: [Thread model: posix]
  ignore line: [gcc version 8.3.0 (GCC) ]
  ignore line: [COMPILER_PATH=/nix/store/1220kf6lvlswh677wvizp9p51c6rcp3x-gcc-8.3.0-lib/lib/:/nix/store/qb6k4hp7gk331x9fydw0w7qj4dv09bwz-glibc-2.27/lib/:/nix/store/65dk7wwwkn9cgim39k7p3823qdrqy8py-gcc-wrapper-8.3.0/bin/:/nix/store/nrisqq65br52ys4w6nly7vkjb2j10yy4-gcc-8.3.0/libexec/gcc/x86_64-unknown-linux-gnu/8.3.0/:/nix/store/nrisqq65br52ys4w6nly7vkjb2j10yy4-gcc-8.3.0/libexec/gcc/x86_64-unknown-linux-gnu/8.3.0/:/nix/store/nrisqq65br52ys4w6nly7vkjb2j10yy4-gcc-8.3.0/libexec/gcc/x86_64-unknown-linux-gnu/:/nix/store/nrisqq65br52ys4w6nly7vkjb2j10yy4-gcc-8.3.0/lib/gcc/x86_64-unknown-linux-gnu/8.3.0/:/nix/store/nrisqq65br52ys4w6nly7vkjb2j10yy4-gcc-8.3.0/lib/gcc/x86_64-unknown-linux-gnu/]
  ignore line: [LIBRARY_PATH=/nix/store/1220kf6lvlswh677wvizp9p51c6rcp3x-gcc-8.3.0-lib/lib/:/nix/store/qb6k4hp7gk331x9fydw0w7qj4dv09bwz-glibc-2.27/lib/:/nix/store/65dk7wwwkn9cgim39k7p3823qdrqy8py-gcc-wrapper-8.3.0/bin/:/nix/store/nrisqq65br52ys4w6nly7vkjb2j10yy4-gcc-8.3.0/lib/gcc/x86_64-unknown-linux-gnu/8.3.0/:/nix/store/nrisqq65br52ys4w6nly7vkjb2j10yy4-gcc-8.3.0/lib/gcc/x86_64-unknown-linux-gnu/8.3.0/../../../../lib64/:/nix/store/nrisqq65br52ys4w6nly7vkjb2j10yy4-gcc-8.3.0/lib/gcc/x86_64-unknown-linux-gnu/8.3.0/../../../]
  ignore line: [COLLECT_GCC_OPTIONS='-O2' '-D' '_FORTIFY_SOURCE=2' '-fstack-protector-strong' '--param' 'ssp-buffer-size=4' '-fno-strict-overflow' '-Wformat=1' '-Wformat-security' '-Werror=format-security' '-fPIC' '-v' '-o' 'cmTC_ec6b5' '-B' '/nix/store/1220kf6lvlswh677wvizp9p51c6rcp3x-gcc-8.3.0-lib/lib' '-B' '/nix/store/qb6k4hp7gk331x9fydw0w7qj4dv09bwz-glibc-2.27/lib/' '-idirafter' '/nix/store/4a8wp97g0ddhjwx573k30x4fqzvkfn67-glibc-2.27-dev/include' '-idirafter' '/nix/store/nrisqq65br52ys4w6nly7vkjb2j10yy4-gcc-8.3.0/lib/gcc/x86_64-unknown-linux-gnu/8.3.0/include-fixed' '-B' '/nix/store/65dk7wwwkn9cgim39k7p3823qdrqy8py-gcc-wrapper-8.3.0/bin/' '-isystem' '/nix/store/4a2146gp8qxx1lcmb4lly3gi7jdlx3fj-gnumake-4.2.1/include' '-isystem' '/nix/store/0jnahzv857adfla66v60d8mwkndr0cxb-gdb-8.3.1/include' '-isystem' '/nix/store/54422mxw7x5wlay6qf238s0lmrp4akm7-boost-1.67.0-dev/include' '-isystem' '/nix/store/4a2146gp8qxx1lcmb4lly3gi7jdlx3fj-gnumake-4.2.1/include' '-isystem' '/nix/store/0jnahzv857adfla66v60d8mwkndr0cxb-gdb-8.3.1/include' '-isystem' '/nix/store/54422mxw7x5wlay6qf238s0lmrp4akm7-boost-1.67.0-dev/include' '-isystem' '/nix/store/4a2146gp8qxx1lcmb4lly3gi7jdlx3fj-gnumake-4.2.1/include' '-isystem' '/nix/store/0jnahzv857adfla66v60d8mwkndr0cxb-gdb-8.3.1/include' '-isystem' '/nix/store/54422mxw7x5wlay6qf238s0lmrp4akm7-boost-1.67.0-dev/include' '-L/nix/store/0jnahzv857adfla66v60d8mwkndr0cxb-gdb-8.3.1/lib' '-L/nix/store/zg0r279wslh25h9ghf9r8l6g29x3b0c9-boost-1.67.0/lib' '-L/nix/store/0jnahzv857adfla66v60d8mwkndr0cxb-gdb-8.3.1/lib' '-L/nix/store/zg0r279wslh25h9ghf9r8l6g29x3b0c9-boost-1.67.0/lib' '-L/nix/store/0jnahzv857adfla66v60d8mwkndr0cxb-gdb-8.3.1/lib' '-L/nix/store/zg0r279wslh25h9ghf9r8l6g29x3b0c9-boost-1.67.0/lib' '-L/nix/store/qb6k4hp7gk331x9fydw0w7qj4dv09bwz-glibc-2.27/lib' '-L/nix/store/1220kf6lvlswh677wvizp9p51c6rcp3x-gcc-8.3.0-lib/lib' '-shared-libgcc' '-mtune=generic' '-march=x86-64']
  link line: [ /nix/store/nrisqq65br52ys4w6nly7vkjb2j10yy4-gcc-8.3.0/libexec/gcc/x86_64-unknown-linux-gnu/8.3.0/collect2 -plugin /nix/store/nrisqq65br52ys4w6nly7vkjb2j10yy4-gcc-8.3.0/libexec/gcc/x86_64-unknown-linux-gnu/8.3.0/liblto_plugin.so -plugin-opt=/nix/store/nrisqq65br52ys4w6nly7vkjb2j10yy4-gcc-8.3.0/libexec/gcc/x86_64-unknown-linux-gnu/8.3.0/lto-wrapper -plugin-opt=-fresolution=/run/user/1000/ccSowmUI.res -plugin-opt=-pass-through=-lgcc_s -plugin-opt=-pass-through=-lgcc -plugin-opt=-pass-through=-lc -plugin-opt=-pass-through=-lgcc_s -plugin-opt=-pass-through=-lgcc --eh-frame-hdr -m elf_x86_64 -dynamic-linker /nix/store/qb6k4hp7gk331x9fydw0w7qj4dv09bwz-glibc-2.27/lib64/ld-linux-x86-64.so.2 -o cmTC_ec6b5 /nix/store/qb6k4hp7gk331x9fydw0w7qj4dv09bwz-glibc-2.27/lib/crt1.o /nix/store/qb6k4hp7gk331x9fydw0w7qj4dv09bwz-glibc-2.27/lib/crti.o /nix/store/nrisqq65br52ys4w6nly7vkjb2j10yy4-gcc-8.3.0/lib/gcc/x86_64-unknown-linux-gnu/8.3.0/crtbegin.o -L/nix/store/0jnahzv857adfla66v60d8mwkndr0cxb-gdb-8.3.1/lib -L/nix/store/zg0r279wslh25h9ghf9r8l6g29x3b0c9-boost-1.67.0/lib -L/nix/store/0jnahzv857adfla66v60d8mwkndr0cxb-gdb-8.3.1/lib -L/nix/store/zg0r279wslh25h9ghf9r8l6g29x3b0c9-boost-1.67.0/lib -L/nix/store/0jnahzv857adfla66v60d8mwkndr0cxb-gdb-8.3.1/lib -L/nix/store/zg0r279wslh25h9ghf9r8l6g29x3b0c9-boost-1.67.0/lib -L/nix/store/qb6k4hp7gk331x9fydw0w7qj4dv09bwz-glibc-2.27/lib -L/nix/store/1220kf6lvlswh677wvizp9p51c6rcp3x-gcc-8.3.0-lib/lib -L/nix/store/1220kf6lvlswh677wvizp9p51c6rcp3x-gcc-8.3.0-lib/lib -L/nix/store/qb6k4hp7gk331x9fydw0w7qj4dv09bwz-glibc-2.27/lib -L/nix/store/65dk7wwwkn9cgim39k7p3823qdrqy8py-gcc-wrapper-8.3.0/bin -L/nix/store/nrisqq65br52ys4w6nly7vkjb2j10yy4-gcc-8.3.0/lib/gcc/x86_64-unknown-linux-gnu/8.3.0 -L/nix/store/nrisqq65br52ys4w6nly7vkjb2j10yy4-gcc-8.3.0/lib/gcc/x86_64-unknown-linux-gnu/8.3.0/../../../../lib64 -L/nix/store/nrisqq65br52ys4w6nly7vkjb2j10yy4-gcc-8.3.0/lib/gcc/x86_64-unknown-linux-gnu/8.3.0/../../.. -dynamic-linker /nix/store/qb6k4hp7gk331x9fydw0w7qj4dv09bwz-glibc-2.27/lib/ld-linux-x86-64.so.2 CMakeFiles/cmTC_ec6b5.dir/CMakeCXXCompilerABI.cpp.o -rpath /nix/store/gvsgmax217k1ibc5kkwglldn1dw3sahh-adventofcode/lib64 -rpath /nix/store/gvsgmax217k1ibc5kkwglldn1dw3sahh-adventofcode/lib -lstdc++ -lm -lgcc_s -lgcc -lc -lgcc_s -lgcc /nix/store/nrisqq65br52ys4w6nly7vkjb2j10yy4-gcc-8.3.0/lib/gcc/x86_64-unknown-linux-gnu/8.3.0/crtend.o /nix/store/qb6k4hp7gk331x9fydw0w7qj4dv09bwz-glibc-2.27/lib/crtn.o]
    arg [/nix/store/nrisqq65br52ys4w6nly7vkjb2j10yy4-gcc-8.3.0/libexec/gcc/x86_64-unknown-linux-gnu/8.3.0/collect2] ==> ignore
    arg [-plugin] ==> ignore
    arg [/nix/store/nrisqq65br52ys4w6nly7vkjb2j10yy4-gcc-8.3.0/libexec/gcc/x86_64-unknown-linux-gnu/8.3.0/liblto_plugin.so] ==> ignore
    arg [-plugin-opt=/nix/store/nrisqq65br52ys4w6nly7vkjb2j10yy4-gcc-8.3.0/libexec/gcc/x86_64-unknown-linux-gnu/8.3.0/lto-wrapper] ==> ignore
    arg [-plugin-opt=-fresolution=/run/user/1000/ccSowmUI.res] ==> ignore
    arg [-plugin-opt=-pass-through=-lgcc_s] ==> ignore
    arg [-plugin-opt=-pass-through=-lgcc] ==> ignore
    arg [-plugin-opt=-pass-through=-lc] ==> ignore
    arg [-plugin-opt=-pass-through=-lgcc_s] ==> ignore
    arg [-plugin-opt=-pass-through=-lgcc] ==> ignore
    arg [--eh-frame-hdr] ==> ignore
    arg [-m] ==> ignore
    arg [elf_x86_64] ==> ignore
    arg [-dynamic-linker] ==> ignore
    arg [/nix/store/qb6k4hp7gk331x9fydw0w7qj4dv09bwz-glibc-2.27/lib64/ld-linux-x86-64.so.2] ==> ignore
    arg [-o] ==> ignore
    arg [cmTC_ec6b5] ==> ignore
    arg [/nix/store/qb6k4hp7gk331x9fydw0w7qj4dv09bwz-glibc-2.27/lib/crt1.o] ==> ignore
    arg [/nix/store/qb6k4hp7gk331x9fydw0w7qj4dv09bwz-glibc-2.27/lib/crti.o] ==> ignore
    arg [/nix/store/nrisqq65br52ys4w6nly7vkjb2j10yy4-gcc-8.3.0/lib/gcc/x86_64-unknown-linux-gnu/8.3.0/crtbegin.o] ==> ignore
    arg [-L/nix/store/0jnahzv857adfla66v60d8mwkndr0cxb-gdb-8.3.1/lib] ==> dir [/nix/store/0jnahzv857adfla66v60d8mwkndr0cxb-gdb-8.3.1/lib]
    arg [-L/nix/store/zg0r279wslh25h9ghf9r8l6g29x3b0c9-boost-1.67.0/lib] ==> dir [/nix/store/zg0r279wslh25h9ghf9r8l6g29x3b0c9-boost-1.67.0/lib]
    arg [-L/nix/store/0jnahzv857adfla66v60d8mwkndr0cxb-gdb-8.3.1/lib] ==> dir [/nix/store/0jnahzv857adfla66v60d8mwkndr0cxb-gdb-8.3.1/lib]
    arg [-L/nix/store/zg0r279wslh25h9ghf9r8l6g29x3b0c9-boost-1.67.0/lib] ==> dir [/nix/store/zg0r279wslh25h9ghf9r8l6g29x3b0c9-boost-1.67.0/lib]
    arg [-L/nix/store/0jnahzv857adfla66v60d8mwkndr0cxb-gdb-8.3.1/lib] ==> dir [/nix/store/0jnahzv857adfla66v60d8mwkndr0cxb-gdb-8.3.1/lib]
    arg [-L/nix/store/zg0r279wslh25h9ghf9r8l6g29x3b0c9-boost-1.67.0/lib] ==> dir [/nix/store/zg0r279wslh25h9ghf9r8l6g29x3b0c9-boost-1.67.0/lib]
    arg [-L/nix/store/qb6k4hp7gk331x9fydw0w7qj4dv09bwz-glibc-2.27/lib] ==> dir [/nix/store/qb6k4hp7gk331x9fydw0w7qj4dv09bwz-glibc-2.27/lib]
    arg [-L/nix/store/1220kf6lvlswh677wvizp9p51c6rcp3x-gcc-8.3.0-lib/lib] ==> dir [/nix/store/1220kf6lvlswh677wvizp9p51c6rcp3x-gcc-8.3.0-lib/lib]
    arg [-L/nix/store/1220kf6lvlswh677wvizp9p51c6rcp3x-gcc-8.3.0-lib/lib] ==> dir [/nix/store/1220kf6lvlswh677wvizp9p51c6rcp3x-gcc-8.3.0-lib/lib]
    arg [-L/nix/store/qb6k4hp7gk331x9fydw0w7qj4dv09bwz-glibc-2.27/lib] ==> dir [/nix/store/qb6k4hp7gk331x9fydw0w7qj4dv09bwz-glibc-2.27/lib]
    arg [-L/nix/store/65dk7wwwkn9cgim39k7p3823qdrqy8py-gcc-wrapper-8.3.0/bin] ==> dir [/nix/store/65dk7wwwkn9cgim39k7p3823qdrqy8py-gcc-wrapper-8.3.0/bin]
    arg [-L/nix/store/nrisqq65br52ys4w6nly7vkjb2j10yy4-gcc-8.3.0/lib/gcc/x86_64-unknown-linux-gnu/8.3.0] ==> dir [/nix/store/nrisqq65br52ys4w6nly7vkjb2j10yy4-gcc-8.3.0/lib/gcc/x86_64-unknown-linux-gnu/8.3.0]
    arg [-L/nix/store/nrisqq65br52ys4w6nly7vkjb2j10yy4-gcc-8.3.0/lib/gcc/x86_64-unknown-linux-gnu/8.3.0/../../../../lib64] ==> dir [/nix/store/nrisqq65br52ys4w6nly7vkjb2j10yy4-gcc-8.3.0/lib/gcc/x86_64-unknown-linux-gnu/8.3.0/../../../../lib64]
    arg [-L/nix/store/nrisqq65br52ys4w6nly7vkjb2j10yy4-gcc-8.3.0/lib/gcc/x86_64-unknown-linux-gnu/8.3.0/../../..] ==> dir [/nix/store/nrisqq65br52ys4w6nly7vkjb2j10yy4-gcc-8.3.0/lib/gcc/x86_64-unknown-linux-gnu/8.3.0/../../..]
    arg [-dynamic-linker] ==> ignore
    arg [/nix/store/qb6k4hp7gk331x9fydw0w7qj4dv09bwz-glibc-2.27/lib/ld-linux-x86-64.so.2] ==> ignore
    arg [CMakeFiles/cmTC_ec6b5.dir/CMakeCXXCompilerABI.cpp.o] ==> ignore
    arg [-rpath] ==> ignore
    arg [/nix/store/gvsgmax217k1ibc5kkwglldn1dw3sahh-adventofcode/lib64] ==> ignore
    arg [-rpath] ==> ignore
    arg [/nix/store/gvsgmax217k1ibc5kkwglldn1dw3sahh-adventofcode/lib] ==> ignore
    arg [-lstdc++] ==> lib [stdc++]
    arg [-lm] ==> lib [m]
    arg [-lgcc_s] ==> lib [gcc_s]
    arg [-lgcc] ==> lib [gcc]
    arg [-lc] ==> lib [c]
    arg [-lgcc_s] ==> lib [gcc_s]
    arg [-lgcc] ==> lib [gcc]
    arg [/nix/store/nrisqq65br52ys4w6nly7vkjb2j10yy4-gcc-8.3.0/lib/gcc/x86_64-unknown-linux-gnu/8.3.0/crtend.o] ==> ignore
    arg [/nix/store/qb6k4hp7gk331x9fydw0w7qj4dv09bwz-glibc-2.27/lib/crtn.o] ==> ignore
  collapse library dir [/nix/store/0jnahzv857adfla66v60d8mwkndr0cxb-gdb-8.3.1/lib] ==> [/nix/store/0jnahzv857adfla66v60d8mwkndr0cxb-gdb-8.3.1/lib]
  collapse library dir [/nix/store/zg0r279wslh25h9ghf9r8l6g29x3b0c9-boost-1.67.0/lib] ==> [/nix/store/zg0r279wslh25h9ghf9r8l6g29x3b0c9-boost-1.67.0/lib]
  collapse library dir [/nix/store/0jnahzv857adfla66v60d8mwkndr0cxb-gdb-8.3.1/lib] ==> [/nix/store/0jnahzv857adfla66v60d8mwkndr0cxb-gdb-8.3.1/lib]
  collapse library dir [/nix/store/zg0r279wslh25h9ghf9r8l6g29x3b0c9-boost-1.67.0/lib] ==> [/nix/store/zg0r279wslh25h9ghf9r8l6g29x3b0c9-boost-1.67.0/lib]
  collapse library dir [/nix/store/0jnahzv857adfla66v60d8mwkndr0cxb-gdb-8.3.1/lib] ==> [/nix/store/0jnahzv857adfla66v60d8mwkndr0cxb-gdb-8.3.1/lib]
  collapse library dir [/nix/store/zg0r279wslh25h9ghf9r8l6g29x3b0c9-boost-1.67.0/lib] ==> [/nix/store/zg0r279wslh25h9ghf9r8l6g29x3b0c9-boost-1.67.0/lib]
  collapse library dir [/nix/store/qb6k4hp7gk331x9fydw0w7qj4dv09bwz-glibc-2.27/lib] ==> [/nix/store/qb6k4hp7gk331x9fydw0w7qj4dv09bwz-glibc-2.27/lib]
  collapse library dir [/nix/store/1220kf6lvlswh677wvizp9p51c6rcp3x-gcc-8.3.0-lib/lib] ==> [/nix/store/1220kf6lvlswh677wvizp9p51c6rcp3x-gcc-8.3.0-lib/lib]
  collapse library dir [/nix/store/1220kf6lvlswh677wvizp9p51c6rcp3x-gcc-8.3.0-lib/lib] ==> [/nix/store/1220kf6lvlswh677wvizp9p51c6rcp3x-gcc-8.3.0-lib/lib]
  collapse library dir [/nix/store/qb6k4hp7gk331x9fydw0w7qj4dv09bwz-glibc-2.27/lib] ==> [/nix/store/qb6k4hp7gk331x9fydw0w7qj4dv09bwz-glibc-2.27/lib]
  collapse library dir [/nix/store/65dk7wwwkn9cgim39k7p3823qdrqy8py-gcc-wrapper-8.3.0/bin] ==> [/nix/store/65dk7wwwkn9cgim39k7p3823qdrqy8py-gcc-wrapper-8.3.0/bin]
  collapse library dir [/nix/store/nrisqq65br52ys4w6nly7vkjb2j10yy4-gcc-8.3.0/lib/gcc/x86_64-unknown-linux-gnu/8.3.0] ==> [/nix/store/nrisqq65br52ys4w6nly7vkjb2j10yy4-gcc-8.3.0/lib/gcc/x86_64-unknown-linux-gnu/8.3.0]
  collapse library dir [/nix/store/nrisqq65br52ys4w6nly7vkjb2j10yy4-gcc-8.3.0/lib/gcc/x86_64-unknown-linux-gnu/8.3.0/../../../../lib64] ==> [/nix/store/nrisqq65br52ys4w6nly7vkjb2j10yy4-gcc-8.3.0/lib64]
  collapse library dir [/nix/store/nrisqq65br52ys4w6nly7vkjb2j10yy4-gcc-8.3.0/lib/gcc/x86_64-unknown-linux-gnu/8.3.0/../../..] ==> [/nix/store/nrisqq65br52ys4w6nly7vkjb2j10yy4-gcc-8.3.0/lib]
  implicit libs: [stdc++;m;gcc_s;gcc;c;gcc_s;gcc]
  implicit dirs: [/nix/store/0jnahzv857adfla66v60d8mwkndr0cxb-gdb-8.3.1/lib;/nix/store/zg0r279wslh25h9ghf9r8l6g29x3b0c9-boost-1.67.0/lib;/nix/store/qb6k4hp7gk331x9fydw0w7qj4dv09bwz-glibc-2.27/lib;/nix/store/1220kf6lvlswh677wvizp9p51c6rcp3x-gcc-8.3.0-lib/lib;/nix/store/65dk7wwwkn9cgim39k7p3823qdrqy8py-gcc-wrapper-8.3.0/bin;/nix/store/nrisqq65br52ys4w6nly7vkjb2j10yy4-gcc-8.3.0/lib/gcc/x86_64-unknown-linux-gnu/8.3.0;/nix/store/nrisqq65br52ys4w6nly7vkjb2j10yy4-gcc-8.3.0/lib64;/nix/store/nrisqq65br52ys4w6nly7vkjb2j10yy4-gcc-8.3.0/lib]
  implicit fwks: []


